2026-07-18 00:44:07 startup archives install
2026-07-18 00:44:07 install base-passwd:amd64 <none> 3.6.7
2026-07-18 00:44:07 status half-installed base-passwd:amd64 3.6.7
2026-07-18 00:44:07 status unpacked base-passwd:amd64 3.6.7
2026-07-18 00:44:07 configure base-passwd:amd64 3.6.7 3.6.7
2026-07-18 00:44:07 status half-configured base-passwd:amd64 3.6.7
2026-07-18 00:44:07 status installed base-passwd:amd64 3.6.7
2026-07-18 00:44:07 startup archives install
2026-07-18 00:44:07 install base-files:amd64 <none> 13.8+deb13u6
2026-07-18 00:44:07 status half-installed base-files:amd64 13.8+deb13u6
2026-07-18 00:44:08 status unpacked base-files:amd64 13.8+deb13u6
2026-07-18 00:44:08 configure base-files:amd64 13.8+deb13u6 13.8+deb13u6
2026-07-18 00:44:08 status half-configured base-files:amd64 13.8+deb13u6
2026-07-18 00:44:08 status installed base-files:amd64 13.8+deb13u6
2026-07-18 00:44:08 startup archives install
2026-07-18 00:44:08 upgrade dpkg 1.22.22 1.22.22
2026-07-18 00:44:08 status half-configured dpkg 1.22.22
2026-07-18 00:44:08 status unpacked dpkg 1.22.22
2026-07-18 00:44:08 status half-installed dpkg 1.22.22
2026-07-18 00:44:09 status unpacked dpkg:amd64 1.22.22
2026-07-18 00:44:09 configure dpkg:amd64 1.22.22 1.22.22
2026-07-18 00:44:09 status half-configured dpkg:amd64 1.22.22
2026-07-18 00:44:09 status installed dpkg:amd64 1.22.22
2026-07-18 00:44:09 startup archives install
2026-07-18 00:44:09 install libc6:amd64 <none> 2.41-12+deb13u3
2026-07-18 00:44:09 status half-installed libc6:amd64 2.41-12+deb13u3
2026-07-18 00:44:10 status unpacked libc6:amd64 2.41-12+deb13u3
2026-07-18 00:44:10 configure libc6:amd64 2.41-12+deb13u3 2.41-12+deb13u3
2026-07-18 00:44:11 status half-configured libc6:amd64 2.41-12+deb13u3
2026-07-18 00:44:11 status installed libc6:amd64 2.41-12+deb13u3
2026-07-18 00:44:11 startup archives install
2026-07-18 00:44:11 install perl-base:amd64 <none> 5.40.1-6
2026-07-18 00:44:11 status half-installed perl-base:amd64 5.40.1-6
2026-07-18 00:44:12 status unpacked perl-base:amd64 5.40.1-6
2026-07-18 00:44:12 configure perl-base:amd64 5.40.1-6 5.40.1-6
2026-07-18 00:44:12 status half-configured perl-base:amd64 5.40.1-6
2026-07-18 00:44:12 status installed perl-base:amd64 5.40.1-6
2026-07-18 00:44:12 startup archives install
2026-07-18 00:44:12 install mawk:amd64 <none> 1.3.4.20250131-1
2026-07-18 00:44:12 status half-installed mawk:amd64 1.3.4.20250131-1
2026-07-18 00:44:12 status unpacked mawk:amd64 1.3.4.20250131-1
2026-07-18 00:44:12 configure mawk:amd64 1.3.4.20250131-1 1.3.4.20250131-1
2026-07-18 00:44:12 status half-configured mawk:amd64 1.3.4.20250131-1
2026-07-18 00:44:12 status installed mawk:amd64 1.3.4.20250131-1
2026-07-18 00:44:12 startup archives install
2026-07-18 00:44:12 install debconf:all <none> 1.5.91
2026-07-18 00:44:12 status half-installed debconf:all 1.5.91
2026-07-18 00:44:13 status unpacked debconf:all 1.5.91
2026-07-18 00:44:13 configure debconf:all 1.5.91 1.5.91
2026-07-18 00:44:13 status half-configured debconf:all 1.5.91
2026-07-18 00:44:13 status installed debconf:all 1.5.91
2026-07-18 00:44:13 startup archives unpack
2026-07-18 00:44:13 install apt:amd64 <none> 3.0.3
2026-07-18 00:44:13 status half-installed apt:amd64 3.0.3
2026-07-18 00:44:14 status unpacked apt:amd64 3.0.3
2026-07-18 00:44:14 upgrade base-files:amd64 13.8+deb13u6 13.8+deb13u6
2026-07-18 00:44:14 status half-configured base-files:amd64 13.8+deb13u6
2026-07-18 00:44:14 status unpacked base-files:amd64 13.8+deb13u6
2026-07-18 00:44:14 status half-installed base-files:amd64 13.8+deb13u6
2026-07-18 00:44:14 status unpacked base-files:amd64 13.8+deb13u6
2026-07-18 00:44:14 upgrade base-passwd:amd64 3.6.7 3.6.7
2026-07-18 00:44:14 status half-configured base-passwd:amd64 3.6.7
2026-07-18 00:44:14 status unpacked base-passwd:amd64 3.6.7
2026-07-18 00:44:14 status half-installed base-passwd:amd64 3.6.7
2026-07-18 00:44:14 status unpacked base-passwd:amd64 3.6.7
2026-07-18 00:44:14 install bash:amd64 <none> 5.2.37-2+b9
2026-07-18 00:44:14 status half-installed bash:amd64 5.2.37-2+b9
2026-07-18 00:44:14 status unpacked bash:amd64 5.2.37-2+b9
2026-07-18 00:44:14 install bsdutils:amd64 <none> 1:2.41-5
2026-07-18 00:44:14 status half-installed bsdutils:amd64 1:2.41-5
2026-07-18 00:44:14 status unpacked bsdutils:amd64 1:2.41-5
2026-07-18 00:44:14 install coreutils:amd64 <none> 9.7-3
2026-07-18 00:44:14 status half-installed coreutils:amd64 9.7-3
2026-07-18 00:44:15 status unpacked coreutils:amd64 9.7-3
2026-07-18 00:44:15 install dash:amd64 <none> 0.5.12-12
2026-07-18 00:44:15 status half-installed dash:amd64 0.5.12-12
2026-07-18 00:44:15 status unpacked dash:amd64 0.5.12-12
2026-07-18 00:44:15 upgrade debconf:all 1.5.91 1.5.91
2026-07-18 00:44:15 status half-configured debconf:all 1.5.91
2026-07-18 00:44:15 status unpacked debconf:all 1.5.91
2026-07-18 00:44:15 status half-installed debconf:all 1.5.91
2026-07-18 00:44:16 status unpacked debconf:all 1.5.91
2026-07-18 00:44:16 install debian-archive-keyring:all <none> 2025.1
2026-07-18 00:44:16 status half-installed debian-archive-keyring:all 2025.1
2026-07-18 00:44:16 status unpacked debian-archive-keyring:all 2025.1
2026-07-18 00:44:16 install debianutils:amd64 <none> 5.23.2
2026-07-18 00:44:16 status half-installed debianutils:amd64 5.23.2
2026-07-18 00:44:16 status unpacked debianutils:amd64 5.23.2
2026-07-18 00:44:16 install diffutils:amd64 <none> 1:3.10-4
2026-07-18 00:44:16 status half-installed diffutils:amd64 1:3.10-4
2026-07-18 00:44:16 status unpacked diffutils:amd64 1:3.10-4
2026-07-18 00:44:16 upgrade dpkg:amd64 1.22.22 1.22.22
2026-07-18 00:44:16 status half-configured dpkg:amd64 1.22.22
2026-07-18 00:44:16 status unpacked dpkg:amd64 1.22.22
2026-07-18 00:44:16 status half-installed dpkg:amd64 1.22.22
2026-07-18 00:44:16 status unpacked dpkg:amd64 1.22.22
2026-07-18 00:44:17 install findutils:amd64 <none> 4.10.0-3
2026-07-18 00:44:17 status half-installed findutils:amd64 4.10.0-3
2026-07-18 00:44:17 status unpacked findutils:amd64 4.10.0-3
2026-07-18 00:44:17 install gcc-14-base:amd64 <none> 14.2.0-19
2026-07-18 00:44:17 status half-installed gcc-14-base:amd64 14.2.0-19
2026-07-18 00:44:17 status unpacked gcc-14-base:amd64 14.2.0-19
2026-07-18 00:44:17 install grep:amd64 <none> 3.11-4
2026-07-18 00:44:17 status half-installed grep:amd64 3.11-4
2026-07-18 00:44:17 status unpacked grep:amd64 3.11-4
2026-07-18 00:44:17 install gzip:amd64 <none> 1.13-1
2026-07-18 00:44:17 status half-installed gzip:amd64 1.13-1
2026-07-18 00:44:17 status unpacked gzip:amd64 1.13-1
2026-07-18 00:44:17 install hostname:amd64 <none> 3.25
2026-07-18 00:44:17 status half-installed hostname:amd64 3.25
2026-07-18 00:44:17 status unpacked hostname:amd64 3.25
2026-07-18 00:44:17 install init-system-helpers:all <none> 1.69~deb13u1
2026-07-18 00:44:17 status half-installed init-system-helpers:all 1.69~deb13u1
2026-07-18 00:44:17 status unpacked init-system-helpers:all 1.69~deb13u1
2026-07-18 00:44:17 install libacl1:amd64 <none> 2.3.2-2+b1
2026-07-18 00:44:17 status half-installed libacl1:amd64 2.3.2-2+b1
2026-07-18 00:44:17 status unpacked libacl1:amd64 2.3.2-2+b1
2026-07-18 00:44:17 install libapt-pkg7.0:amd64 <none> 3.0.3
2026-07-18 00:44:17 status half-installed libapt-pkg7.0:amd64 3.0.3
2026-07-18 00:44:18 status unpacked libapt-pkg7.0:amd64 3.0.3
2026-07-18 00:44:18 install libattr1:amd64 <none> 1:2.5.2-3
2026-07-18 00:44:18 status half-installed libattr1:amd64 1:2.5.2-3
2026-07-18 00:44:18 status unpacked libattr1:amd64 1:2.5.2-3
2026-07-18 00:44:18 install libaudit-common:all <none> 1:4.0.2-2
2026-07-18 00:44:18 status half-installed libaudit-common:all 1:4.0.2-2
2026-07-18 00:44:18 status unpacked libaudit-common:all 1:4.0.2-2
2026-07-18 00:44:18 install libaudit1:amd64 <none> 1:4.0.2-2+b2
2026-07-18 00:44:18 status half-installed libaudit1:amd64 1:4.0.2-2+b2
2026-07-18 00:44:18 status unpacked libaudit1:amd64 1:4.0.2-2+b2
2026-07-18 00:44:18 install libblkid1:amd64 <none> 2.41-5
2026-07-18 00:44:18 status half-installed libblkid1:amd64 2.41-5
2026-07-18 00:44:18 status unpacked libblkid1:amd64 2.41-5
2026-07-18 00:44:18 install libbsd0:amd64 <none> 0.12.2-2
2026-07-18 00:44:18 status half-installed libbsd0:amd64 0.12.2-2
2026-07-18 00:44:18 status unpacked libbsd0:amd64 0.12.2-2
2026-07-18 00:44:18 install libbz2-1.0:amd64 <none> 1.0.8-6
2026-07-18 00:44:18 status half-installed libbz2-1.0:amd64 1.0.8-6
2026-07-18 00:44:18 status unpacked libbz2-1.0:amd64 1.0.8-6
2026-07-18 00:44:18 install libc-bin:amd64 <none> 2.41-12+deb13u3
2026-07-18 00:44:18 status half-installed libc-bin:amd64 2.41-12+deb13u3
2026-07-18 00:44:18 status unpacked libc-bin:amd64 2.41-12+deb13u3
2026-07-18 00:44:18 upgrade libc6:amd64 2.41-12+deb13u3 2.41-12+deb13u3
2026-07-18 00:44:18 status half-configured libc6:amd64 2.41-12+deb13u3
2026-07-18 00:44:18 status unpacked libc6:amd64 2.41-12+deb13u3
2026-07-18 00:44:18 status half-installed libc6:amd64 2.41-12+deb13u3
2026-07-18 00:44:19 status unpacked libc6:amd64 2.41-12+deb13u3
2026-07-18 00:44:19 install libcap-ng0:amd64 <none> 0.8.5-4+b1
2026-07-18 00:44:19 status half-installed libcap-ng0:amd64 0.8.5-4+b1
2026-07-18 00:44:19 status unpacked libcap-ng0:amd64 0.8.5-4+b1
2026-07-18 00:44:19 install libcap2:amd64 <none> 1:2.75-10+deb13u1+b1
2026-07-18 00:44:19 status half-installed libcap2:amd64 1:2.75-10+deb13u1+b1
2026-07-18 00:44:19 status unpacked libcap2:amd64 1:2.75-10+deb13u1+b1
2026-07-18 00:44:19 install libcrypt1:amd64 <none> 1:4.4.38-1
2026-07-18 00:44:19 status half-installed libcrypt1:amd64 1:4.4.38-1
2026-07-18 00:44:19 status unpacked libcrypt1:amd64 1:4.4.38-1
2026-07-18 00:44:19 install libdb5.3t64:amd64 <none> 5.3.28+dfsg2-9
2026-07-18 00:44:19 status half-installed libdb5.3t64:amd64 5.3.28+dfsg2-9
2026-07-18 00:44:20 status unpacked libdb5.3t64:amd64 5.3.28+dfsg2-9
2026-07-18 00:44:20 install libdebconfclient0:amd64 <none> 0.280
2026-07-18 00:44:20 status half-installed libdebconfclient0:amd64 0.280
2026-07-18 00:44:20 status unpacked libdebconfclient0:amd64 0.280
2026-07-18 00:44:20 install libgcc-s1:amd64 <none> 14.2.0-19
2026-07-18 00:44:20 status half-installed libgcc-s1:amd64 14.2.0-19
2026-07-18 00:44:20 status unpacked libgcc-s1:amd64 14.2.0-19
2026-07-18 00:44:20 install libgmp10:amd64 <none> 2:6.3.0+dfsg-3
2026-07-18 00:44:20 status half-installed libgmp10:amd64 2:6.3.0+dfsg-3
2026-07-18 00:44:20 status unpacked libgmp10:amd64 2:6.3.0+dfsg-3
2026-07-18 00:44:20 install libhogweed6t64:amd64 <none> 3.10.1-1
2026-07-18 00:44:20 status half-installed libhogweed6t64:amd64 3.10.1-1
2026-07-18 00:44:20 status unpacked libhogweed6t64:amd64 3.10.1-1
2026-07-18 00:44:20 install liblastlog2-2:amd64 <none> 2.41-5
2026-07-18 00:44:20 status half-installed liblastlog2-2:amd64 2.41-5
2026-07-18 00:44:20 status unpacked liblastlog2-2:amd64 2.41-5
2026-07-18 00:44:20 install liblz4-1:amd64 <none> 1.10.0-4
2026-07-18 00:44:20 status half-installed liblz4-1:amd64 1.10.0-4
2026-07-18 00:44:20 status unpacked liblz4-1:amd64 1.10.0-4
2026-07-18 00:44:20 install liblzma5:amd64 <none> 5.8.1-1+deb13u1
2026-07-18 00:44:20 status half-installed liblzma5:amd64 5.8.1-1+deb13u1
2026-07-18 00:44:20 status unpacked liblzma5:amd64 5.8.1-1+deb13u1
2026-07-18 00:44:20 install libmd0:amd64 <none> 1.1.0-2+b1
2026-07-18 00:44:20 status half-installed libmd0:amd64 1.1.0-2+b1
2026-07-18 00:44:20 status unpacked libmd0:amd64 1.1.0-2+b1
2026-07-18 00:44:20 install libmount1:amd64 <none> 2.41-5
2026-07-18 00:44:20 status half-installed libmount1:amd64 2.41-5
2026-07-18 00:44:20 status unpacked libmount1:amd64 2.41-5
2026-07-18 00:44:20 install libnettle8t64:amd64 <none> 3.10.1-1
2026-07-18 00:44:20 status half-installed libnettle8t64:amd64 3.10.1-1
2026-07-18 00:44:20 status unpacked libnettle8t64:amd64 3.10.1-1
2026-07-18 00:44:20 install libpam-modules:amd64 <none> 1.7.0-5
2026-07-18 00:44:20 status half-installed libpam-modules:amd64 1.7.0-5
2026-07-18 00:44:21 status unpacked libpam-modules:amd64 1.7.0-5
2026-07-18 00:44:21 install libpam-modules-bin:amd64 <none> 1.7.0-5
2026-07-18 00:44:21 status half-installed libpam-modules-bin:amd64 1.7.0-5
2026-07-18 00:44:21 status unpacked libpam-modules-bin:amd64 1.7.0-5
2026-07-18 00:44:21 install libpam-runtime:all <none> 1.7.0-5
2026-07-18 00:44:21 status half-installed libpam-runtime:all 1.7.0-5
2026-07-18 00:44:21 status unpacked libpam-runtime:all 1.7.0-5
2026-07-18 00:44:21 install libpam0g:amd64 <none> 1.7.0-5
2026-07-18 00:44:21 status half-installed libpam0g:amd64 1.7.0-5
2026-07-18 00:44:21 status unpacked libpam0g:amd64 1.7.0-5
2026-07-18 00:44:21 install libpcre2-8-0:amd64 <none> 10.46-1~deb13u1
2026-07-18 00:44:21 status half-installed libpcre2-8-0:amd64 10.46-1~deb13u1
2026-07-18 00:44:21 status unpacked libpcre2-8-0:amd64 10.46-1~deb13u1
2026-07-18 00:44:21 install libseccomp2:amd64 <none> 2.6.0-2
2026-07-18 00:44:21 status half-installed libseccomp2:amd64 2.6.0-2
2026-07-18 00:44:21 status unpacked libseccomp2:amd64 2.6.0-2
2026-07-18 00:44:21 install libselinux1:amd64 <none> 3.8.1-1
2026-07-18 00:44:21 status half-installed libselinux1:amd64 3.8.1-1
2026-07-18 00:44:21 status unpacked libselinux1:amd64 3.8.1-1
2026-07-18 00:44:21 install libsemanage-common:all <none> 3.8.1-1
2026-07-18 00:44:21 status half-installed libsemanage-common:all 3.8.1-1
2026-07-18 00:44:21 status unpacked libsemanage-common:all 3.8.1-1
2026-07-18 00:44:21 install libsemanage2:amd64 <none> 3.8.1-1
2026-07-18 00:44:21 status half-installed libsemanage2:amd64 3.8.1-1
2026-07-18 00:44:21 status unpacked libsemanage2:amd64 3.8.1-1
2026-07-18 00:44:21 install libsepol2:amd64 <none> 3.8.1-1
2026-07-18 00:44:21 status half-installed libsepol2:amd64 3.8.1-1
2026-07-18 00:44:21 status unpacked libsepol2:amd64 3.8.1-1
2026-07-18 00:44:21 install libsmartcols1:amd64 <none> 2.41-5
2026-07-18 00:44:21 status half-installed libsmartcols1:amd64 2.41-5
2026-07-18 00:44:22 status unpacked libsmartcols1:amd64 2.41-5
2026-07-18 00:44:22 install libsqlite3-0:amd64 <none> 3.46.1-7+deb13u1
2026-07-18 00:44:22 status half-installed libsqlite3-0:amd64 3.46.1-7+deb13u1
2026-07-18 00:44:22 status unpacked libsqlite3-0:amd64 3.46.1-7+deb13u1
2026-07-18 00:44:22 install libssl3t64:amd64 <none> 3.5.6-1~deb13u2
2026-07-18 00:44:22 status half-installed libssl3t64:amd64 3.5.6-1~deb13u2
2026-07-18 00:44:22 status unpacked libssl3t64:amd64 3.5.6-1~deb13u2
2026-07-18 00:44:22 install libstdc++6:amd64 <none> 14.2.0-19
2026-07-18 00:44:22 status half-installed libstdc++6:amd64 14.2.0-19
2026-07-18 00:44:23 status unpacked libstdc++6:amd64 14.2.0-19
2026-07-18 00:44:23 install libsystemd0:amd64 <none> 257.13-1~deb13u1
2026-07-18 00:44:23 status half-installed libsystemd0:amd64 257.13-1~deb13u1
2026-07-18 00:44:23 status unpacked libsystemd0:amd64 257.13-1~deb13u1
2026-07-18 00:44:23 install libtinfo6:amd64 <none> 6.5+20250216-2
2026-07-18 00:44:23 status half-installed libtinfo6:amd64 6.5+20250216-2
2026-07-18 00:44:23 status unpacked libtinfo6:amd64 6.5+20250216-2
2026-07-18 00:44:23 install libudev1:amd64 <none> 257.13-1~deb13u1
2026-07-18 00:44:23 status half-installed libudev1:amd64 257.13-1~deb13u1
2026-07-18 00:44:23 status unpacked libudev1:amd64 257.13-1~deb13u1
2026-07-18 00:44:23 install libuuid1:amd64 <none> 2.41-5
2026-07-18 00:44:23 status half-installed libuuid1:amd64 2.41-5
2026-07-18 00:44:23 status unpacked libuuid1:amd64 2.41-5
2026-07-18 00:44:23 install libxxhash0:amd64 <none> 0.8.3-2
2026-07-18 00:44:23 status half-installed libxxhash0:amd64 0.8.3-2
2026-07-18 00:44:23 status unpacked libxxhash0:amd64 0.8.3-2
2026-07-18 00:44:23 install libzstd1:amd64 <none> 1.5.7+dfsg-1
2026-07-18 00:44:23 status half-installed libzstd1:amd64 1.5.7+dfsg-1
2026-07-18 00:44:24 status unpacked libzstd1:amd64 1.5.7+dfsg-1
2026-07-18 00:44:24 install login:amd64 <none> 1:4.16.0-2+really2.41-5
2026-07-18 00:44:24 status half-installed login:amd64 1:4.16.0-2+really2.41-5
2026-07-18 00:44:24 status unpacked login:amd64 1:4.16.0-2+really2.41-5
2026-07-18 00:44:24 install login.defs:all <none> 1:4.17.4-2
2026-07-18 00:44:24 status half-installed login.defs:all 1:4.17.4-2
2026-07-18 00:44:24 status unpacked login.defs:all 1:4.17.4-2
2026-07-18 00:44:24 upgrade mawk:amd64 1.3.4.20250131-1 1.3.4.20250131-1
2026-07-18 00:44:24 status half-configured mawk:amd64 1.3.4.20250131-1
2026-07-18 00:44:24 status unpacked mawk:amd64 1.3.4.20250131-1
2026-07-18 00:44:24 status half-installed mawk:amd64 1.3.4.20250131-1
2026-07-18 00:44:24 status unpacked mawk:amd64 1.3.4.20250131-1
2026-07-18 00:44:24 install mount:amd64 <none> 2.41-5
2026-07-18 00:44:24 status half-installed mount:amd64 2.41-5
2026-07-18 00:44:24 status unpacked mount:amd64 2.41-5
2026-07-18 00:44:24 install ncurses-base:all <none> 6.5+20250216-2
2026-07-18 00:44:24 status half-installed ncurses-base:all 6.5+20250216-2
2026-07-18 00:44:24 status unpacked ncurses-base:all 6.5+20250216-2
2026-07-18 00:44:24 install ncurses-bin:amd64 <none> 6.5+20250216-2
2026-07-18 00:44:24 status half-installed ncurses-bin:amd64 6.5+20250216-2
2026-07-18 00:44:24 status unpacked ncurses-bin:amd64 6.5+20250216-2
2026-07-18 00:44:24 install openssl-provider-legacy:amd64 <none> 3.5.6-1~deb13u2
2026-07-18 00:44:24 status half-installed openssl-provider-legacy:amd64 3.5.6-1~deb13u2
2026-07-18 00:44:25 status unpacked openssl-provider-legacy:amd64 3.5.6-1~deb13u2
2026-07-18 00:44:25 install passwd:amd64 <none> 1:4.17.4-2
2026-07-18 00:44:25 status half-installed passwd:amd64 1:4.17.4-2
2026-07-18 00:44:25 status unpacked passwd:amd64 1:4.17.4-2
2026-07-18 00:44:25 upgrade perl-base:amd64 5.40.1-6 5.40.1-6
2026-07-18 00:44:25 status half-configured perl-base:amd64 5.40.1-6
2026-07-18 00:44:25 status unpacked perl-base:amd64 5.40.1-6
2026-07-18 00:44:25 status half-installed perl-base:amd64 5.40.1-6
2026-07-18 00:44:26 status unpacked perl-base:amd64 5.40.1-6
2026-07-18 00:44:26 install sed:amd64 <none> 4.9-2+deb13u1
2026-07-18 00:44:26 status half-installed sed:amd64 4.9-2+deb13u1
2026-07-18 00:44:26 status unpacked sed:amd64 4.9-2+deb13u1
2026-07-18 00:44:26 install sqv:amd64 <none> 1.3.0-3+b2
2026-07-18 00:44:26 status half-installed sqv:amd64 1.3.0-3+b2
2026-07-18 00:44:26 status unpacked sqv:amd64 1.3.0-3+b2
2026-07-18 00:44:26 install sysvinit-utils:amd64 <none> 3.14-4
2026-07-18 00:44:26 status half-installed sysvinit-utils:amd64 3.14-4
2026-07-18 00:44:26 status unpacked sysvinit-utils:amd64 3.14-4
2026-07-18 00:44:26 install tar:amd64 <none> 1.35+dfsg-3.1
2026-07-18 00:44:26 status half-installed tar:amd64 1.35+dfsg-3.1
2026-07-18 00:44:26 status unpacked tar:amd64 1.35+dfsg-3.1
2026-07-18 00:44:26 install tzdata:all <none> 2026b-0+deb13u1
2026-07-18 00:44:26 status half-installed tzdata:all 2026b-0+deb13u1
2026-07-18 00:44:27 status unpacked tzdata:all 2026b-0+deb13u1
2026-07-18 00:44:27 install util-linux:amd64 <none> 2.41-5
2026-07-18 00:44:27 status half-installed util-linux:amd64 2.41-5
2026-07-18 00:44:27 status unpacked util-linux:amd64 2.41-5
2026-07-18 00:44:27 install zlib1g:amd64 <none> 1:1.3.dfsg+really1.3.1-1+b1
2026-07-18 00:44:27 status half-installed zlib1g:amd64 1:1.3.dfsg+really1.3.1-1+b1
2026-07-18 00:44:27 status unpacked zlib1g:amd64 1:1.3.dfsg+really1.3.1-1+b1
2026-07-18 00:44:27 startup packages configure
2026-07-18 00:44:27 configure gcc-14-base:amd64 14.2.0-19 <none>
2026-07-18 00:44:27 status unpacked gcc-14-base:amd64 14.2.0-19
2026-07-18 00:44:27 status half-configured gcc-14-base:amd64 14.2.0-19
2026-07-18 00:44:27 status installed gcc-14-base:amd64 14.2.0-19
2026-07-18 00:44:27 configure login.defs:all 1:4.17.4-2 <none>
2026-07-18 00:44:27 status unpacked login.defs:all 1:4.17.4-2
2026-07-18 00:44:27 status half-configured login.defs:all 1:4.17.4-2
2026-07-18 00:44:27 status installed login.defs:all 1:4.17.4-2
2026-07-18 00:44:27 configure debian-archive-keyring:all 2025.1 <none>
2026-07-18 00:44:27 status unpacked debian-archive-keyring:all 2025.1
2026-07-18 00:44:27 status half-configured debian-archive-keyring:all 2025.1
2026-07-18 00:44:28 status installed debian-archive-keyring:all 2025.1
2026-07-18 00:44:28 configure libaudit-common:all 1:4.0.2-2 <none>
2026-07-18 00:44:28 status unpacked libaudit-common:all 1:4.0.2-2
2026-07-18 00:44:28 status half-configured libaudit-common:all 1:4.0.2-2
2026-07-18 00:44:28 status installed libaudit-common:all 1:4.0.2-2
2026-07-18 00:44:28 configure libsemanage-common:all 3.8.1-1 <none>
2026-07-18 00:44:28 status unpacked libsemanage-common:all 3.8.1-1
2026-07-18 00:44:28 status half-configured libsemanage-common:all 3.8.1-1
2026-07-18 00:44:28 status installed libsemanage-common:all 3.8.1-1
2026-07-18 00:44:28 configure debconf:all 1.5.91 <none>
2026-07-18 00:44:28 status unpacked debconf:all 1.5.91
2026-07-18 00:44:28 status half-configured debconf:all 1.5.91
2026-07-18 00:44:28 status installed debconf:all 1.5.91
2026-07-18 00:44:28 configure tzdata:all 2026b-0+deb13u1 <none>
2026-07-18 00:44:28 status unpacked tzdata:all 2026b-0+deb13u1
2026-07-18 00:44:28 status half-configured tzdata:all 2026b-0+deb13u1
2026-07-18 00:44:28 status installed tzdata:all 2026b-0+deb13u1
2026-07-18 00:44:28 configure ncurses-base:all 6.5+20250216-2 <none>
2026-07-18 00:44:28 status unpacked ncurses-base:all 6.5+20250216-2
2026-07-18 00:44:28 status half-configured ncurses-base:all 6.5+20250216-2
2026-07-18 00:44:28 status installed ncurses-base:all 6.5+20250216-2
2026-07-18 00:44:28 configure init-system-helpers:all 1.69~deb13u1 <none>
2026-07-18 00:44:28 status unpacked init-system-helpers:all 1.69~deb13u1
2026-07-18 00:44:28 status half-configured init-system-helpers:all 1.69~deb13u1
2026-07-18 00:44:28 status installed init-system-helpers:all 1.69~deb13u1
2026-07-18 00:44:28 configure libgcc-s1:amd64 14.2.0-19 <none>
2026-07-18 00:44:28 status unpacked libgcc-s1:amd64 14.2.0-19
2026-07-18 00:44:28 status half-configured libgcc-s1:amd64 14.2.0-19
2026-07-18 00:44:28 status installed libgcc-s1:amd64 14.2.0-19
2026-07-18 00:44:29 configure libc6:amd64 2.41-12+deb13u3 <none>
2026-07-18 00:44:29 status unpacked libc6:amd64 2.41-12+deb13u3
2026-07-18 00:44:29 status half-configured libc6:amd64 2.41-12+deb13u3
2026-07-18 00:44:29 status installed libc6:amd64 2.41-12+deb13u3
2026-07-18 00:44:29 configure libdb5.3t64:amd64 5.3.28+dfsg2-9 <none>
2026-07-18 00:44:29 status unpacked libdb5.3t64:amd64 5.3.28+dfsg2-9
2026-07-18 00:44:29 status half-configured libdb5.3t64:amd64 5.3.28+dfsg2-9
2026-07-18 00:44:29 status installed libdb5.3t64:amd64 5.3.28+dfsg2-9
2026-07-18 00:44:29 configure libmd0:amd64 1.1.0-2+b1 <none>
2026-07-18 00:44:29 status unpacked libmd0:amd64 1.1.0-2+b1
2026-07-18 00:44:29 status half-configured libmd0:amd64 1.1.0-2+b1
2026-07-18 00:44:29 status installed libmd0:amd64 1.1.0-2+b1
2026-07-18 00:44:29 configure libxxhash0:amd64 0.8.3-2 <none>
2026-07-18 00:44:29 status unpacked libxxhash0:amd64 0.8.3-2
2026-07-18 00:44:29 status half-configured libxxhash0:amd64 0.8.3-2
2026-07-18 00:44:29 status installed libxxhash0:amd64 0.8.3-2
2026-07-18 00:44:29 configure libattr1:amd64 1:2.5.2-3 <none>
2026-07-18 00:44:29 status unpacked libattr1:amd64 1:2.5.2-3
2026-07-18 00:44:29 status half-configured libattr1:amd64 1:2.5.2-3
2026-07-18 00:44:29 status installed libattr1:amd64 1:2.5.2-3
2026-07-18 00:44:29 configure sysvinit-utils:amd64 3.14-4 <none>
2026-07-18 00:44:29 status unpacked sysvinit-utils:amd64 3.14-4
2026-07-18 00:44:29 status half-configured sysvinit-utils:amd64 3.14-4
2026-07-18 00:44:29 status installed sysvinit-utils:amd64 3.14-4
2026-07-18 00:44:29 configure debianutils:amd64 5.23.2 <none>
2026-07-18 00:44:29 status unpacked debianutils:amd64 5.23.2
2026-07-18 00:44:29 status half-configured debianutils:amd64 5.23.2
2026-07-18 00:44:29 status installed debianutils:amd64 5.23.2
2026-07-18 00:44:29 configure mawk:amd64 1.3.4.20250131-1 <none>
2026-07-18 00:44:29 status unpacked mawk:amd64 1.3.4.20250131-1
2026-07-18 00:44:29 status half-configured mawk:amd64 1.3.4.20250131-1
2026-07-18 00:44:29 status installed mawk:amd64 1.3.4.20250131-1
2026-07-18 00:44:29 configure libdebconfclient0:amd64 0.280 <none>
2026-07-18 00:44:29 status unpacked libdebconfclient0:amd64 0.280
2026-07-18 00:44:29 status half-configured libdebconfclient0:amd64 0.280
2026-07-18 00:44:29 status installed libdebconfclient0:amd64 0.280
2026-07-18 00:44:29 configure base-files:amd64 13.8+deb13u6 <none>
2026-07-18 00:44:29 status unpacked base-files:amd64 13.8+deb13u6
2026-07-18 00:44:29 status half-configured base-files:amd64 13.8+deb13u6
2026-07-18 00:44:29 status installed base-files:amd64 13.8+deb13u6
2026-07-18 00:44:29 configure libbz2-1.0:amd64 1.0.8-6 <none>
2026-07-18 00:44:29 status unpacked libbz2-1.0:amd64 1.0.8-6
2026-07-18 00:44:29 status half-configured libbz2-1.0:amd64 1.0.8-6
2026-07-18 00:44:29 status installed libbz2-1.0:amd64 1.0.8-6
2026-07-18 00:44:29 configure libbsd0:amd64 0.12.2-2 <none>
2026-07-18 00:44:29 status unpacked libbsd0:amd64 0.12.2-2
2026-07-18 00:44:29 status half-configured libbsd0:amd64 0.12.2-2
2026-07-18 00:44:29 status installed libbsd0:amd64 0.12.2-2
2026-07-18 00:44:29 configure libblkid1:amd64 2.41-5 <none>
2026-07-18 00:44:29 status unpacked libblkid1:amd64 2.41-5
2026-07-18 00:44:29 status half-configured libblkid1:amd64 2.41-5
2026-07-18 00:44:29 status installed libblkid1:amd64 2.41-5
2026-07-18 00:44:29 configure libstdc++6:amd64 14.2.0-19 <none>
2026-07-18 00:44:29 status unpacked libstdc++6:amd64 14.2.0-19
2026-07-18 00:44:29 status half-configured libstdc++6:amd64 14.2.0-19
2026-07-18 00:44:29 status installed libstdc++6:amd64 14.2.0-19
2026-07-18 00:44:29 configure dash:amd64 0.5.12-12 <none>
2026-07-18 00:44:29 status unpacked dash:amd64 0.5.12-12
2026-07-18 00:44:29 status half-configured dash:amd64 0.5.12-12
2026-07-18 00:44:29 status installed dash:amd64 0.5.12-12
2026-07-18 00:44:29 configure libtinfo6:amd64 6.5+20250216-2 <none>
2026-07-18 00:44:29 status unpacked libtinfo6:amd64 6.5+20250216-2
2026-07-18 00:44:29 status half-configured libtinfo6:amd64 6.5+20250216-2
2026-07-18 00:44:29 status installed libtinfo6:amd64 6.5+20250216-2
2026-07-18 00:44:29 configure bash:amd64 5.2.37-2+b9 <none>
2026-07-18 00:44:29 status unpacked bash:amd64 5.2.37-2+b9
2026-07-18 00:44:29 status half-configured bash:amd64 5.2.37-2+b9
2026-07-18 00:44:29 status installed bash:amd64 5.2.37-2+b9
2026-07-18 00:44:29 configure libzstd1:amd64 1.5.7+dfsg-1 <none>
2026-07-18 00:44:29 status unpacked libzstd1:amd64 1.5.7+dfsg-1
2026-07-18 00:44:29 status half-configured libzstd1:amd64 1.5.7+dfsg-1
2026-07-18 00:44:29 status installed libzstd1:amd64 1.5.7+dfsg-1
2026-07-18 00:44:29 configure liblzma5:amd64 5.8.1-1+deb13u1 <none>
2026-07-18 00:44:29 status unpacked liblzma5:amd64 5.8.1-1+deb13u1
2026-07-18 00:44:29 status half-configured liblzma5:amd64 5.8.1-1+deb13u1
2026-07-18 00:44:29 status installed liblzma5:amd64 5.8.1-1+deb13u1
2026-07-18 00:44:29 configure liblz4-1:amd64 1.10.0-4 <none>
2026-07-18 00:44:29 status unpacked liblz4-1:amd64 1.10.0-4
2026-07-18 00:44:29 status half-configured liblz4-1:amd64 1.10.0-4
2026-07-18 00:44:29 status installed liblz4-1:amd64 1.10.0-4
2026-07-18 00:44:29 configure libc-bin:amd64 2.41-12+deb13u3 <none>
2026-07-18 00:44:29 status unpacked libc-bin:amd64 2.41-12+deb13u3
2026-07-18 00:44:30 status half-configured libc-bin:amd64 2.41-12+deb13u3
2026-07-18 00:44:30 status installed libc-bin:amd64 2.41-12+deb13u3
2026-07-18 00:44:30 configure libsqlite3-0:amd64 3.46.1-7+deb13u1 <none>
2026-07-18 00:44:30 status triggers-pending libc-bin:amd64 2.41-12+deb13u3
2026-07-18 00:44:30 status unpacked libsqlite3-0:amd64 3.46.1-7+deb13u1
2026-07-18 00:44:30 status half-configured libsqlite3-0:amd64 3.46.1-7+deb13u1
2026-07-18 00:44:30 status installed libsqlite3-0:amd64 3.46.1-7+deb13u1
2026-07-18 00:44:30 configure ncurses-bin:amd64 6.5+20250216-2 <none>
2026-07-18 00:44:30 status unpacked ncurses-bin:amd64 6.5+20250216-2
2026-07-18 00:44:30 status half-configured ncurses-bin:amd64 6.5+20250216-2
2026-07-18 00:44:30 status installed ncurses-bin:amd64 6.5+20250216-2
2026-07-18 00:44:30 configure libacl1:amd64 2.3.2-2+b1 <none>
2026-07-18 00:44:30 status unpacked libacl1:amd64 2.3.2-2+b1
2026-07-18 00:44:30 status half-configured libacl1:amd64 2.3.2-2+b1
2026-07-18 00:44:30 status installed libacl1:amd64 2.3.2-2+b1
2026-07-18 00:44:30 configure libsmartcols1:amd64 2.41-5 <none>
2026-07-18 00:44:30 status unpacked libsmartcols1:amd64 2.41-5
2026-07-18 00:44:30 status half-configured libsmartcols1:amd64 2.41-5
2026-07-18 00:44:30 status installed libsmartcols1:amd64 2.41-5
2026-07-18 00:44:30 configure zlib1g:amd64 1:1.3.dfsg+really1.3.1-1+b1 <none>
2026-07-18 00:44:30 status unpacked zlib1g:amd64 1:1.3.dfsg+really1.3.1-1+b1
2026-07-18 00:44:30 status half-configured zlib1g:amd64 1:1.3.dfsg+really1.3.1-1+b1
2026-07-18 00:44:30 status installed zlib1g:amd64 1:1.3.dfsg+really1.3.1-1+b1
2026-07-18 00:44:30 configure libcrypt1:amd64 1:4.4.38-1 <none>
2026-07-18 00:44:30 status unpacked libcrypt1:amd64 1:4.4.38-1
2026-07-18 00:44:30 status half-configured libcrypt1:amd64 1:4.4.38-1
2026-07-18 00:44:30 status installed libcrypt1:amd64 1:4.4.38-1
2026-07-18 00:44:30 configure diffutils:amd64 1:3.10-4 <none>
2026-07-18 00:44:30 status unpacked diffutils:amd64 1:3.10-4
2026-07-18 00:44:30 status half-configured diffutils:amd64 1:3.10-4
2026-07-18 00:44:30 status installed diffutils:amd64 1:3.10-4
2026-07-18 00:44:30 configure libseccomp2:amd64 2.6.0-2 <none>
2026-07-18 00:44:30 status unpacked libseccomp2:amd64 2.6.0-2
2026-07-18 00:44:30 status half-configured libseccomp2:amd64 2.6.0-2
2026-07-18 00:44:30 status installed libseccomp2:amd64 2.6.0-2
2026-07-18 00:44:30 configure libcap2:amd64 1:2.75-10+deb13u1+b1 <none>
2026-07-18 00:44:30 status unpacked libcap2:amd64 1:2.75-10+deb13u1+b1
2026-07-18 00:44:30 status half-configured libcap2:amd64 1:2.75-10+deb13u1+b1
2026-07-18 00:44:30 status installed libcap2:amd64 1:2.75-10+deb13u1+b1
2026-07-18 00:44:30 configure perl-base:amd64 5.40.1-6 <none>
2026-07-18 00:44:30 status unpacked perl-base:amd64 5.40.1-6
2026-07-18 00:44:30 status half-configured perl-base:amd64 5.40.1-6
2026-07-18 00:44:30 status installed perl-base:amd64 5.40.1-6
2026-07-18 00:44:30 configure openssl-provider-legacy:amd64 3.5.6-1~deb13u2 <none>
2026-07-18 00:44:30 status unpacked openssl-provider-legacy:amd64 3.5.6-1~deb13u2
2026-07-18 00:44:30 status half-configured openssl-provider-legacy:amd64 3.5.6-1~deb13u2
2026-07-18 00:44:30 status installed openssl-provider-legacy:amd64 3.5.6-1~deb13u2
2026-07-18 00:44:30 configure hostname:amd64 3.25 <none>
2026-07-18 00:44:30 status unpacked hostname:amd64 3.25
2026-07-18 00:44:30 status half-configured hostname:amd64 3.25
2026-07-18 00:44:30 status installed hostname:amd64 3.25
2026-07-18 00:44:30 configure libcap-ng0:amd64 0.8.5-4+b1 <none>
2026-07-18 00:44:30 status unpacked libcap-ng0:amd64 0.8.5-4+b1
2026-07-18 00:44:30 status half-configured libcap-ng0:amd64 0.8.5-4+b1
2026-07-18 00:44:30 status installed libcap-ng0:amd64 0.8.5-4+b1
2026-07-18 00:44:30 configure libnettle8t64:amd64 3.10.1-1 <none>
2026-07-18 00:44:30 status unpacked libnettle8t64:amd64 3.10.1-1
2026-07-18 00:44:30 status half-configured libnettle8t64:amd64 3.10.1-1
2026-07-18 00:44:30 status installed libnettle8t64:amd64 3.10.1-1
2026-07-18 00:44:30 configure libgmp10:amd64 2:6.3.0+dfsg-3 <none>
2026-07-18 00:44:30 status unpacked libgmp10:amd64 2:6.3.0+dfsg-3
2026-07-18 00:44:30 status half-configured libgmp10:amd64 2:6.3.0+dfsg-3
2026-07-18 00:44:30 status installed libgmp10:amd64 2:6.3.0+dfsg-3
2026-07-18 00:44:30 configure libaudit1:amd64 1:4.0.2-2+b2 <none>
2026-07-18 00:44:30 status unpacked libaudit1:amd64 1:4.0.2-2+b2
2026-07-18 00:44:30 status half-configured libaudit1:amd64 1:4.0.2-2+b2
2026-07-18 00:44:30 status installed libaudit1:amd64 1:4.0.2-2+b2
2026-07-18 00:44:30 configure gzip:amd64 1.13-1 <none>
2026-07-18 00:44:30 status unpacked gzip:amd64 1.13-1
2026-07-18 00:44:30 status half-configured gzip:amd64 1.13-1
2026-07-18 00:44:30 status installed gzip:amd64 1.13-1
2026-07-18 00:44:30 configure libuuid1:amd64 2.41-5 <none>
2026-07-18 00:44:30 status unpacked libuuid1:amd64 2.41-5
2026-07-18 00:44:30 status half-configured libuuid1:amd64 2.41-5
2026-07-18 00:44:30 status installed libuuid1:amd64 2.41-5
2026-07-18 00:44:30 configure libsepol2:amd64 3.8.1-1 <none>
2026-07-18 00:44:30 status unpacked libsepol2:amd64 3.8.1-1
2026-07-18 00:44:30 status half-configured libsepol2:amd64 3.8.1-1
2026-07-18 00:44:30 status installed libsepol2:amd64 3.8.1-1
2026-07-18 00:44:30 configure libpcre2-8-0:amd64 10.46-1~deb13u1 <none>
2026-07-18 00:44:30 status unpacked libpcre2-8-0:amd64 10.46-1~deb13u1
2026-07-18 00:44:30 status half-configured libpcre2-8-0:amd64 10.46-1~deb13u1
2026-07-18 00:44:30 status installed libpcre2-8-0:amd64 10.46-1~deb13u1
2026-07-18 00:44:30 configure libudev1:amd64 257.13-1~deb13u1 <none>
2026-07-18 00:44:30 status unpacked libudev1:amd64 257.13-1~deb13u1
2026-07-18 00:44:30 status half-configured libudev1:amd64 257.13-1~deb13u1
2026-07-18 00:44:30 status installed libudev1:amd64 257.13-1~deb13u1
2026-07-18 00:44:30 configure libhogweed6t64:amd64 3.10.1-1 <none>
2026-07-18 00:44:30 status unpacked libhogweed6t64:amd64 3.10.1-1
2026-07-18 00:44:30 status half-configured libhogweed6t64:amd64 3.10.1-1
2026-07-18 00:44:30 status installed libhogweed6t64:amd64 3.10.1-1
2026-07-18 00:44:30 configure sqv:amd64 1.3.0-3+b2 <none>
2026-07-18 00:44:30 status unpacked sqv:amd64 1.3.0-3+b2
2026-07-18 00:44:30 status half-configured sqv:amd64 1.3.0-3+b2
2026-07-18 00:44:30 status installed sqv:amd64 1.3.0-3+b2
2026-07-18 00:44:30 configure grep:amd64 3.11-4 <none>
2026-07-18 00:44:30 status unpacked grep:amd64 3.11-4
2026-07-18 00:44:30 status half-configured grep:amd64 3.11-4
2026-07-18 00:44:30 status installed grep:amd64 3.11-4
2026-07-18 00:44:30 configure libssl3t64:amd64 3.5.6-1~deb13u2 <none>
2026-07-18 00:44:30 status unpacked libssl3t64:amd64 3.5.6-1~deb13u2
2026-07-18 00:44:30 status half-configured libssl3t64:amd64 3.5.6-1~deb13u2
2026-07-18 00:44:30 status installed libssl3t64:amd64 3.5.6-1~deb13u2
2026-07-18 00:44:30 configure liblastlog2-2:amd64 2.41-5 <none>
2026-07-18 00:44:30 status unpacked liblastlog2-2:amd64 2.41-5
2026-07-18 00:44:30 status half-configured liblastlog2-2:amd64 2.41-5
2026-07-18 00:44:30 status installed liblastlog2-2:amd64 2.41-5
2026-07-18 00:44:30 configure libsystemd0:amd64 257.13-1~deb13u1 <none>
2026-07-18 00:44:30 status unpacked libsystemd0:amd64 257.13-1~deb13u1
2026-07-18 00:44:30 status half-configured libsystemd0:amd64 257.13-1~deb13u1
2026-07-18 00:44:30 status installed libsystemd0:amd64 257.13-1~deb13u1
2026-07-18 00:44:30 configure libselinux1:amd64 3.8.1-1 <none>
2026-07-18 00:44:30 status unpacked libselinux1:amd64 3.8.1-1
2026-07-18 00:44:30 status half-configured libselinux1:amd64 3.8.1-1
2026-07-18 00:44:30 status installed libselinux1:amd64 3.8.1-1
2026-07-18 00:44:30 configure libpam0g:amd64 1.7.0-5 <none>
2026-07-18 00:44:30 status unpacked libpam0g:amd64 1.7.0-5
2026-07-18 00:44:30 status half-configured libpam0g:amd64 1.7.0-5
2026-07-18 00:44:30 status installed libpam0g:amd64 1.7.0-5
2026-07-18 00:44:30 configure sed:amd64 4.9-2+deb13u1 <none>
2026-07-18 00:44:30 status unpacked sed:amd64 4.9-2+deb13u1
2026-07-18 00:44:30 status half-configured sed:amd64 4.9-2+deb13u1
2026-07-18 00:44:30 status installed sed:amd64 4.9-2+deb13u1
2026-07-18 00:44:30 configure findutils:amd64 4.10.0-3 <none>
2026-07-18 00:44:30 status unpacked findutils:amd64 4.10.0-3
2026-07-18 00:44:30 status half-configured findutils:amd64 4.10.0-3
2026-07-18 00:44:30 status installed findutils:amd64 4.10.0-3
2026-07-18 00:44:30 configure libmount1:amd64 2.41-5 <none>
2026-07-18 00:44:30 status unpacked libmount1:amd64 2.41-5
2026-07-18 00:44:30 status half-configured libmount1:amd64 2.41-5
2026-07-18 00:44:30 status installed libmount1:amd64 2.41-5
2026-07-18 00:44:30 configure libsemanage2:amd64 3.8.1-1 <none>
2026-07-18 00:44:30 status unpacked libsemanage2:amd64 3.8.1-1
2026-07-18 00:44:30 status half-configured libsemanage2:amd64 3.8.1-1
2026-07-18 00:44:30 status installed libsemanage2:amd64 3.8.1-1
2026-07-18 00:44:30 configure libapt-pkg7.0:amd64 3.0.3 <none>
2026-07-18 00:44:30 status unpacked libapt-pkg7.0:amd64 3.0.3
2026-07-18 00:44:30 status half-configured libapt-pkg7.0:amd64 3.0.3
2026-07-18 00:44:30 status installed libapt-pkg7.0:amd64 3.0.3
2026-07-18 00:44:30 configure base-passwd:amd64 3.6.7 <none>
2026-07-18 00:44:30 status unpacked base-passwd:amd64 3.6.7
2026-07-18 00:44:30 status half-configured base-passwd:amd64 3.6.7
2026-07-18 00:44:30 status installed base-passwd:amd64 3.6.7
2026-07-18 00:44:30 configure apt:amd64 3.0.3 <none>
2026-07-18 00:44:30 status unpacked apt:amd64 3.0.3
2026-07-18 00:44:30 status half-configured apt:amd64 3.0.3
2026-07-18 00:44:31 status installed apt:amd64 3.0.3
2026-07-18 00:44:31 configure bsdutils:amd64 1:2.41-5 <none>
2026-07-18 00:44:31 status unpacked bsdutils:amd64 1:2.41-5
2026-07-18 00:44:31 status half-configured bsdutils:amd64 1:2.41-5
2026-07-18 00:44:31 status installed bsdutils:amd64 1:2.41-5
2026-07-18 00:44:31 configure tar:amd64 1.35+dfsg-3.1 <none>
2026-07-18 00:44:31 status unpacked tar:amd64 1.35+dfsg-3.1
2026-07-18 00:44:31 status half-configured tar:amd64 1.35+dfsg-3.1
2026-07-18 00:44:31 status installed tar:amd64 1.35+dfsg-3.1
2026-07-18 00:44:31 configure libpam-modules-bin:amd64 1.7.0-5 <none>
2026-07-18 00:44:31 status unpacked libpam-modules-bin:amd64 1.7.0-5
2026-07-18 00:44:31 status half-configured libpam-modules-bin:amd64 1.7.0-5
2026-07-18 00:44:31 status installed libpam-modules-bin:amd64 1.7.0-5
2026-07-18 00:44:31 configure coreutils:amd64 9.7-3 <none>
2026-07-18 00:44:31 status unpacked coreutils:amd64 9.7-3
2026-07-18 00:44:31 status half-configured coreutils:amd64 9.7-3
2026-07-18 00:44:31 status installed coreutils:amd64 9.7-3
2026-07-18 00:44:31 configure dpkg:amd64 1.22.22 <none>
2026-07-18 00:44:31 status unpacked dpkg:amd64 1.22.22
2026-07-18 00:44:31 status half-configured dpkg:amd64 1.22.22
2026-07-18 00:44:31 status installed dpkg:amd64 1.22.22
2026-07-18 00:44:31 configure mount:amd64 2.41-5 <none>
2026-07-18 00:44:31 status unpacked mount:amd64 2.41-5
2026-07-18 00:44:31 status half-configured mount:amd64 2.41-5
2026-07-18 00:44:31 status installed mount:amd64 2.41-5
2026-07-18 00:44:31 configure libpam-modules:amd64 1.7.0-5 <none>
2026-07-18 00:44:31 status unpacked libpam-modules:amd64 1.7.0-5
2026-07-18 00:44:31 status half-configured libpam-modules:amd64 1.7.0-5
2026-07-18 00:44:31 status installed libpam-modules:amd64 1.7.0-5
2026-07-18 00:44:31 configure passwd:amd64 1:4.17.4-2 <none>
2026-07-18 00:44:31 status unpacked passwd:amd64 1:4.17.4-2
2026-07-18 00:44:31 status half-configured passwd:amd64 1:4.17.4-2
2026-07-18 00:44:32 status installed passwd:amd64 1:4.17.4-2
2026-07-18 00:44:32 configure libpam-runtime:all 1.7.0-5 <none>
2026-07-18 00:44:32 status unpacked libpam-runtime:all 1.7.0-5
2026-07-18 00:44:32 status half-configured libpam-runtime:all 1.7.0-5
2026-07-18 00:44:32 status installed libpam-runtime:all 1.7.0-5
2026-07-18 00:44:32 configure login:amd64 1:4.16.0-2+really2.41-5 <none>
2026-07-18 00:44:32 status unpacked login:amd64 1:4.16.0-2+really2.41-5
2026-07-18 00:44:32 status half-configured login:amd64 1:4.16.0-2+really2.41-5
2026-07-18 00:44:32 status installed login:amd64 1:4.16.0-2+really2.41-5
2026-07-18 00:44:32 configure util-linux:amd64 2.41-5 <none>
2026-07-18 00:44:32 status unpacked util-linux:amd64 2.41-5
2026-07-18 00:44:32 status half-configured util-linux:amd64 2.41-5
2026-07-18 00:44:32 status installed util-linux:amd64 2.41-5
2026-07-18 00:44:32 trigproc libc-bin:amd64 2.41-12+deb13u3 <none>
2026-07-18 00:44:32 status half-configured libc-bin:amd64 2.41-12+deb13u3
2026-07-18 00:44:32 status installed libc-bin:amd64 2.41-12+deb13u3
2026-07-18 00:44:40 startup archives install
2026-07-18 00:44:40 install libsystemd-shared:amd64 <none> 257.13-1~deb13u1
2026-07-18 00:44:40 status half-installed libsystemd-shared:amd64 257.13-1~deb13u1
2026-07-18 00:44:40 status unpacked libsystemd-shared:amd64 257.13-1~deb13u1
2026-07-18 00:44:41 configure libsystemd-shared:amd64 257.13-1~deb13u1 257.13-1~deb13u1
2026-07-18 00:44:41 status half-configured libsystemd-shared:amd64 257.13-1~deb13u1
2026-07-18 00:44:41 status installed libsystemd-shared:amd64 257.13-1~deb13u1
2026-07-18 00:44:49 startup archives install
2026-07-18 00:44:49 install libapparmor1:amd64 <none> 4.1.0-1
2026-07-18 00:44:49 status triggers-pending libc-bin:amd64 2.41-12+deb13u3
2026-07-18 00:44:49 status half-installed libapparmor1:amd64 4.1.0-1
2026-07-18 00:44:49 status unpacked libapparmor1:amd64 4.1.0-1
2026-07-18 00:44:49 install systemd:amd64 <none> 257.13-1~deb13u1
2026-07-18 00:44:49 status half-installed systemd:amd64 257.13-1~deb13u1
2026-07-18 00:44:52 status unpacked systemd:amd64 257.13-1~deb13u1
2026-07-18 00:44:52 configure libapparmor1:amd64 4.1.0-1 4.1.0-1
2026-07-18 00:44:52 status half-configured libapparmor1:amd64 4.1.0-1
2026-07-18 00:44:52 status installed libapparmor1:amd64 4.1.0-1
2026-07-18 00:44:52 configure systemd:amd64 257.13-1~deb13u1 257.13-1~deb13u1
2026-07-18 00:44:52 status half-configured systemd:amd64 257.13-1~deb13u1
2026-07-18 00:44:53 status installed systemd:amd64 257.13-1~deb13u1
2026-07-18 00:44:53 trigproc libc-bin:amd64 2.41-12+deb13u3 <none>
2026-07-18 00:44:53 status half-configured libc-bin:amd64 2.41-12+deb13u3
2026-07-18 00:44:53 status installed libc-bin:amd64 2.41-12+deb13u3
2026-07-18 00:45:13 startup archives install
2026-07-18 00:45:14 install systemd-sysv:amd64 <none> 257.13-1~deb13u1
2026-07-18 00:45:14 status half-installed systemd-sysv:amd64 257.13-1~deb13u1
2026-07-18 00:45:14 status unpacked systemd-sysv:amd64 257.13-1~deb13u1
2026-07-18 00:45:14 configure systemd-sysv:amd64 257.13-1~deb13u1 257.13-1~deb13u1
2026-07-18 00:45:14 status half-configured systemd-sysv:amd64 257.13-1~deb13u1
2026-07-18 00:45:14 status installed systemd-sysv:amd64 257.13-1~deb13u1
2026-07-18 00:45:46 startup archives install
2026-07-18 00:45:46 install adduser:all <none> 3.152
2026-07-18 00:45:46 status half-installed adduser:all 3.152
2026-07-18 00:45:47 status unpacked adduser:all 3.152
2026-07-18 00:45:47 install cron-daemon-common:all <none> 3.0pl1-197
2026-07-18 00:45:47 status half-installed cron-daemon-common:all 3.0pl1-197
2026-07-18 00:45:48 status unpacked cron-daemon-common:all 3.0pl1-197
2026-07-18 00:45:48 configure adduser:all 3.152 3.152
2026-07-18 00:45:48 status half-configured adduser:all 3.152
2026-07-18 00:45:48 status installed adduser:all 3.152
2026-07-18 00:45:48 configure cron-daemon-common:all 3.0pl1-197 3.0pl1-197
2026-07-18 00:45:48 status half-configured cron-daemon-common:all 3.0pl1-197
2026-07-18 00:45:49 status installed cron-daemon-common:all 3.0pl1-197
2026-07-18 00:46:12 startup archives install
2026-07-18 00:46:12 install libcom-err2:amd64 <none> 1.47.2-3+b11
2026-07-18 00:46:12 status triggers-pending libc-bin:amd64 2.41-12+deb13u3
2026-07-18 00:46:12 status half-installed libcom-err2:amd64 1.47.2-3+b11
2026-07-18 00:46:12 status unpacked libcom-err2:amd64 1.47.2-3+b11
2026-07-18 00:46:12 configure libcom-err2:amd64 1.47.2-3+b11 1.47.2-3+b11
2026-07-18 00:46:12 status half-configured libcom-err2:amd64 1.47.2-3+b11
2026-07-18 00:46:12 status installed libcom-err2:amd64 1.47.2-3+b11
2026-07-18 00:46:12 trigproc libc-bin:amd64 2.41-12+deb13u3 <none>
2026-07-18 00:46:12 status half-configured libc-bin:amd64 2.41-12+deb13u3
2026-07-18 00:46:12 status installed libc-bin:amd64 2.41-12+deb13u3
2026-07-18 00:46:44 startup archives install
2026-07-18 00:46:44 install libext2fs2t64:amd64 <none> 1.47.2-3+b11
2026-07-18 00:46:44 status triggers-pending libc-bin:amd64 2.41-12+deb13u3
2026-07-18 00:46:45 status half-installed libext2fs2t64:amd64 1.47.2-3+b11
2026-07-18 00:46:45 status unpacked libext2fs2t64:amd64 1.47.2-3+b11
2026-07-18 00:46:45 configure libext2fs2t64:amd64 1.47.2-3+b11 1.47.2-3+b11
2026-07-18 00:46:45 status half-configured libext2fs2t64:amd64 1.47.2-3+b11
2026-07-18 00:46:45 status installed libext2fs2t64:amd64 1.47.2-3+b11
2026-07-18 00:46:45 trigproc libc-bin:amd64 2.41-12+deb13u3 <none>
2026-07-18 00:46:45 status half-configured libc-bin:amd64 2.41-12+deb13u3
2026-07-18 00:46:45 status installed libc-bin:amd64 2.41-12+deb13u3
2026-07-18 00:47:12 startup archives install
2026-07-18 00:47:13 install libss2:amd64 <none> 1.47.2-3+b11
2026-07-18 00:47:13 status triggers-pending libc-bin:amd64 2.41-12+deb13u3
2026-07-18 00:47:13 status half-installed libss2:amd64 1.47.2-3+b11
2026-07-18 00:47:13 status unpacked libss2:amd64 1.47.2-3+b11
2026-07-18 00:47:14 configure libss2:amd64 1.47.2-3+b11 1.47.2-3+b11
2026-07-18 00:47:14 status half-configured libss2:amd64 1.47.2-3+b11
2026-07-18 00:47:14 status installed libss2:amd64 1.47.2-3+b11
2026-07-18 00:47:14 trigproc libc-bin:amd64 2.41-12+deb13u3 <none>
2026-07-18 00:47:14 status half-configured libc-bin:amd64 2.41-12+deb13u3
2026-07-18 00:47:15 status installed libc-bin:amd64 2.41-12+deb13u3
2026-07-18 00:47:17 startup archives unpack
2026-07-18 00:47:17 install apt-utils:amd64 <none> 3.0.3
2026-07-18 00:47:17 status half-installed apt-utils:amd64 3.0.3
2026-07-18 00:47:19 status unpacked apt-utils:amd64 3.0.3
2026-07-18 00:47:21 install cpio:amd64 <none> 2.15+dfsg-2
2026-07-18 00:47:21 status half-installed cpio:amd64 2.15+dfsg-2
2026-07-18 00:47:22 status unpacked cpio:amd64 2.15+dfsg-2
2026-07-18 00:47:23 install cron:amd64 <none> 3.0pl1-197
2026-07-18 00:47:23 status half-installed cron:amd64 3.0pl1-197
2026-07-18 00:47:24 status unpacked cron:amd64 3.0pl1-197
2026-07-18 00:47:24 install debconf-i18n:all <none> 1.5.91
2026-07-18 00:47:24 status half-installed debconf-i18n:all 1.5.91
2026-07-18 00:47:25 status unpacked debconf-i18n:all 1.5.91
2026-07-18 00:47:25 install dhcpcd-base:amd64 <none> 1:10.1.0-11+deb13u3
2026-07-18 00:47:25 status half-installed dhcpcd-base:amd64 1:10.1.0-11+deb13u3
2026-07-18 00:47:26 status unpacked dhcpcd-base:amd64 1:10.1.0-11+deb13u3
2026-07-18 00:47:26 install dirmngr:amd64 <none> 2.4.7-21+deb13u1+b4
2026-07-18 00:47:26 status half-installed dirmngr:amd64 2.4.7-21+deb13u1+b4
2026-07-18 00:47:27 status unpacked dirmngr:amd64 2.4.7-21+deb13u1+b4
2026-07-18 00:47:27 install dmidecode:amd64 <none> 3.6-2
2026-07-18 00:47:27 status half-installed dmidecode:amd64 3.6-2
2026-07-18 00:47:28 status unpacked dmidecode:amd64 3.6-2
2026-07-18 00:47:29 install e2fsprogs:amd64 <none> 1.47.2-3+b11
2026-07-18 00:47:29 status half-installed e2fsprogs:amd64 1.47.2-3+b11
2026-07-18 00:47:31 status unpacked e2fsprogs:amd64 1.47.2-3+b11
2026-07-18 00:47:31 install fdisk:amd64 <none> 2.41-5
2026-07-18 00:47:31 status half-installed fdisk:amd64 2.41-5
2026-07-18 00:47:32 status unpacked fdisk:amd64 2.41-5
2026-07-18 00:47:33 install gnupg:all <none> 2.4.7-21+deb13u1
2026-07-18 00:47:33 status half-installed gnupg:all 2.4.7-21+deb13u1
2026-07-18 00:47:34 status unpacked gnupg:all 2.4.7-21+deb13u1
2026-07-18 00:47:34 install gnupg-l10n:all <none> 2.4.7-21+deb13u1
2026-07-18 00:47:34 status half-installed gnupg-l10n:all 2.4.7-21+deb13u1
2026-07-18 00:47:36 status unpacked gnupg-l10n:all 2.4.7-21+deb13u1
2026-07-18 00:47:37 install gpg:amd64 <none> 2.4.7-21+deb13u1+b4
2026-07-18 00:47:37 status half-installed gpg:amd64 2.4.7-21+deb13u1+b4
2026-07-18 00:47:39 status unpacked gpg:amd64 2.4.7-21+deb13u1+b4
2026-07-18 00:47:39 install gpg-agent:amd64 <none> 2.4.7-21+deb13u1+b4
2026-07-18 00:47:39 status half-installed gpg-agent:amd64 2.4.7-21+deb13u1+b4
2026-07-18 00:47:41 status unpacked gpg-agent:amd64 2.4.7-21+deb13u1+b4
2026-07-18 00:47:42 install gpgconf:amd64 <none> 2.4.7-21+deb13u1+b4
2026-07-18 00:47:42 status half-installed gpgconf:amd64 2.4.7-21+deb13u1+b4
2026-07-18 00:47:43 status unpacked gpgconf:amd64 2.4.7-21+deb13u1+b4
2026-07-18 00:47:43 install gpgsm:amd64 <none> 2.4.7-21+deb13u1+b4
2026-07-18 00:47:43 status half-installed gpgsm:amd64 2.4.7-21+deb13u1+b4
2026-07-18 00:47:45 status unpacked gpgsm:amd64 2.4.7-21+deb13u1+b4
2026-07-18 00:47:46 install ifupdown:amd64 <none> 0.8.44+deb13u1
2026-07-18 00:47:46 status half-installed ifupdown:amd64 0.8.44+deb13u1
2026-07-18 00:47:49 status unpacked ifupdown:amd64 0.8.44+deb13u1
2026-07-18 00:47:51 install init:amd64 <none> 1.69~deb13u1
2026-07-18 00:47:51 status half-installed init:amd64 1.69~deb13u1
2026-07-18 00:47:52 status unpacked init:amd64 1.69~deb13u1
2026-07-18 00:47:53 install iproute2:amd64 <none> 6.15.0-1
2026-07-18 00:47:53 status half-installed iproute2:amd64 6.15.0-1
2026-07-18 00:48:07 status unpacked iproute2:amd64 6.15.0-1
2026-07-18 00:48:10 install iputils-ping:amd64 <none> 3:20240905-3
2026-07-18 00:48:10 status half-installed iputils-ping:amd64 3:20240905-3
2026-07-18 00:48:12 status unpacked iputils-ping:amd64 3:20240905-3
2026-07-18 00:48:15 install kmod:amd64 <none> 34.2-2
2026-07-18 00:48:16 status half-installed kmod:amd64 34.2-2
2026-07-18 00:48:23 status unpacked kmod:amd64 34.2-2
2026-07-18 00:48:25 install less:amd64 <none> 668-1
2026-07-18 00:48:25 status half-installed less:amd64 668-1
2026-07-18 00:48:27 status unpacked less:amd64 668-1
2026-07-18 00:48:31 install libassuan9:amd64 <none> 3.0.2-2
2026-07-18 00:48:31 status triggers-pending libc-bin:amd64 2.41-12+deb13u3
2026-07-18 00:48:31 status half-installed libassuan9:amd64 3.0.2-2
2026-07-18 00:48:35 status unpacked libassuan9:amd64 3.0.2-2
2026-07-18 00:48:37 install libbpf1:amd64 <none> 1:1.5.0-3
2026-07-18 00:48:37 status half-installed libbpf1:amd64 1:1.5.0-3
2026-07-18 00:48:38 status unpacked libbpf1:amd64 1:1.5.0-3
2026-07-18 00:48:42 install libcap2-bin:amd64 <none> 1:2.75-10+deb13u1+b1
2026-07-18 00:48:43 status half-installed libcap2-bin:amd64 1:2.75-10+deb13u1+b1
2026-07-18 00:48:44 status unpacked libcap2-bin:amd64 1:2.75-10+deb13u1+b1
2026-07-18 00:48:47 install libedit2:amd64 <none> 3.1-20250104-1
2026-07-18 00:48:47 status half-installed libedit2:amd64 3.1-20250104-1
2026-07-18 00:48:53 status unpacked libedit2:amd64 3.1-20250104-1
2026-07-18 00:48:56 install libelf1t64:amd64 <none> 0.192-4
2026-07-18 00:48:56 status half-installed libelf1t64:amd64 0.192-4
2026-07-18 00:48:58 status unpacked libelf1t64:amd64 0.192-4
2026-07-18 00:49:03 install libfdisk1:amd64 <none> 2.41-5
2026-07-18 00:49:03 status half-installed libfdisk1:amd64 2.41-5
2026-07-18 00:49:10 status unpacked libfdisk1:amd64 2.41-5
2026-07-18 00:49:12 install libffi8:amd64 <none> 3.4.8-2
2026-07-18 00:49:12 status half-installed libffi8:amd64 3.4.8-2
2026-07-18 00:49:14 status unpacked libffi8:amd64 3.4.8-2
2026-07-18 00:49:18 install libgcrypt20:amd64 <none> 1.11.0-7+deb13u1
2026-07-18 00:49:18 status half-installed libgcrypt20:amd64 1.11.0-7+deb13u1
2026-07-18 00:49:22 status unpacked libgcrypt20:amd64 1.11.0-7+deb13u1
2026-07-18 00:49:29 install libgnutls30t64:amd64 <none> 3.8.9-3+deb13u4
2026-07-18 00:49:29 status half-installed libgnutls30t64:amd64 3.8.9-3+deb13u4
2026-07-18 00:49:35 status unpacked libgnutls30t64:amd64 3.8.9-3+deb13u4
2026-07-18 00:49:41 install libgpg-error0:amd64 <none> 1.51-4
2026-07-18 00:49:41 status half-installed libgpg-error0:amd64 1.51-4
2026-07-18 00:49:43 status unpacked libgpg-error0:amd64 1.51-4
2026-07-18 00:49:55 install libgssapi-krb5-2:amd64 <none> 1.21.3-5+deb13u1
2026-07-18 00:49:55 status half-installed libgssapi-krb5-2:amd64 1.21.3-5+deb13u1
2026-07-18 00:49:59 status unpacked libgssapi-krb5-2:amd64 1.21.3-5+deb13u1
2026-07-18 00:50:04 install libidn2-0:amd64 <none> 2.3.8-2
2026-07-18 00:50:04 status half-installed libidn2-0:amd64 2.3.8-2
2026-07-18 00:50:15 status unpacked libidn2-0:amd64 2.3.8-2
2026-07-18 00:50:27 install libjansson4:amd64 <none> 2.14-2+b3
2026-07-18 00:50:27 status half-installed libjansson4:amd64 2.14-2+b3
2026-07-18 00:50:31 status unpacked libjansson4:amd64 2.14-2+b3
2026-07-18 00:50:35 install libk5crypto3:amd64 <none> 1.21.3-5+deb13u1
2026-07-18 00:50:36 status half-installed libk5crypto3:amd64 1.21.3-5+deb13u1
2026-07-18 00:50:40 status unpacked libk5crypto3:amd64 1.21.3-5+deb13u1
2026-07-18 00:50:48 install libkeyutils1:amd64 <none> 1.6.3-6
2026-07-18 00:50:48 status half-installed libkeyutils1:amd64 1.6.3-6
2026-07-18 00:50:50 status unpacked libkeyutils1:amd64 1.6.3-6
2026-07-18 00:50:55 install libkmod2:amd64 <none> 34.2-2
2026-07-18 00:50:55 status half-installed libkmod2:amd64 34.2-2
2026-07-18 00:50:59 status unpacked libkmod2:amd64 34.2-2
2026-07-18 00:51:04 install libkrb5-3:amd64 <none> 1.21.3-5+deb13u1
2026-07-18 00:51:04 status half-installed libkrb5-3:amd64 1.21.3-5+deb13u1
2026-07-18 00:51:11 status unpacked libkrb5-3:amd64 1.21.3-5+deb13u1
2026-07-18 00:51:15 install libkrb5support0:amd64 <none> 1.21.3-5+deb13u1
2026-07-18 00:51:15 status half-installed libkrb5support0:amd64 1.21.3-5+deb13u1
2026-07-18 00:51:24 status unpacked libkrb5support0:amd64 1.21.3-5+deb13u1
2026-07-18 00:51:29 install libksba8:amd64 <none> 1.6.7-2+b1
2026-07-18 00:51:29 status half-installed libksba8:amd64 1.6.7-2+b1
2026-07-18 00:51:31 status unpacked libksba8:amd64 1.6.7-2+b1
2026-07-18 00:51:32 install libldap2:amd64 <none> 2.6.10+dfsg-1
2026-07-18 00:51:32 status half-installed libldap2:amd64 2.6.10+dfsg-1
2026-07-18 00:51:33 status unpacked libldap2:amd64 2.6.10+dfsg-1
2026-07-18 00:51:34 install liblocale-gettext-perl:amd64 <none> 1.07-7+b1
2026-07-18 00:51:34 status half-installed liblocale-gettext-perl:amd64 1.07-7+b1
2026-07-18 00:51:35 status unpacked liblocale-gettext-perl:amd64 1.07-7+b1
2026-07-18 00:51:36 install libmnl0:amd64 <none> 1.0.5-3
2026-07-18 00:51:36 status half-installed libmnl0:amd64 1.0.5-3
2026-07-18 00:51:36 status unpacked libmnl0:amd64 1.0.5-3
2026-07-18 00:51:37 install libncursesw6:amd64 <none> 6.5+20250216-2
2026-07-18 00:51:37 status half-installed libncursesw6:amd64 6.5+20250216-2
2026-07-18 00:51:38 status unpacked libncursesw6:amd64 6.5+20250216-2
2026-07-18 00:51:39 install libnewt0.52:amd64 <none> 0.52.25-1
2026-07-18 00:51:39 status half-installed libnewt0.52:amd64 0.52.25-1
2026-07-18 00:51:46 status unpacked libnewt0.52:amd64 0.52.25-1
2026-07-18 00:51:48 install libnftables1:amd64 <none> 1.1.3-1
2026-07-18 00:51:48 status half-installed libnftables1:amd64 1.1.3-1
2026-07-18 00:51:49 status unpacked libnftables1:amd64 1.1.3-1
2026-07-18 00:51:50 install libnftnl11:amd64 <none> 1.2.9-1
2026-07-18 00:51:50 status half-installed libnftnl11:amd64 1.2.9-1
2026-07-18 00:51:50 status unpacked libnftnl11:amd64 1.2.9-1
2026-07-18 00:51:52 install libnpth0t64:amd64 <none> 1.8-3
2026-07-18 00:51:52 status half-installed libnpth0t64:amd64 1.8-3
2026-07-18 00:51:52 status unpacked libnpth0t64:amd64 1.8-3
2026-07-18 00:51:57 install libp11-kit0:amd64 <none> 0.25.5-3
2026-07-18 00:51:57 status half-installed libp11-kit0:amd64 0.25.5-3
2026-07-18 00:51:57 status unpacked libp11-kit0:amd64 0.25.5-3
2026-07-18 00:51:58 install libpopt0:amd64 <none> 1.19+dfsg-2
2026-07-18 00:51:58 status half-installed libpopt0:amd64 1.19+dfsg-2
2026-07-18 00:52:02 status unpacked libpopt0:amd64 1.19+dfsg-2
2026-07-18 00:52:05 install libproc2-0:amd64 <none> 2:4.0.4-9
2026-07-18 00:52:05 status half-installed libproc2-0:amd64 2:4.0.4-9
2026-07-18 00:52:06 status unpacked libproc2-0:amd64 2:4.0.4-9
2026-07-18 00:52:07 install libreadline8t64:amd64 <none> 8.2-6
2026-07-18 00:52:07 status half-installed libreadline8t64:amd64 8.2-6
2026-07-18 00:52:23 status unpacked libreadline8t64:amd64 8.2-6
2026-07-18 00:52:25 install libsasl2-2:amd64 <none> 2.1.28+dfsg1-9
2026-07-18 00:52:25 status half-installed libsasl2-2:amd64 2.1.28+dfsg1-9
2026-07-18 00:52:28 status unpacked libsasl2-2:amd64 2.1.28+dfsg1-9
2026-07-18 00:52:30 install libsasl2-modules-db:amd64 <none> 2.1.28+dfsg1-9
2026-07-18 00:52:30 status half-installed libsasl2-modules-db:amd64 2.1.28+dfsg1-9
2026-07-18 00:52:32 status unpacked libsasl2-modules-db:amd64 2.1.28+dfsg1-9
2026-07-18 00:52:36 install libslang2:amd64 <none> 2.3.3-5+b2
2026-07-18 00:52:36 status half-installed libslang2:amd64 2.3.3-5+b2
2026-07-18 00:52:40 status unpacked libslang2:amd64 2.3.3-5+b2
2026-07-18 00:52:44 install libtasn1-6:amd64 <none> 4.20.0-2+deb13u1
2026-07-18 00:52:44 status half-installed libtasn1-6:amd64 4.20.0-2+deb13u1
2026-07-18 00:52:46 status unpacked libtasn1-6:amd64 4.20.0-2+deb13u1
2026-07-18 00:52:52 install libtext-charwidth-perl:amd64 <none> 0.04-11+b4
2026-07-18 00:52:52 status half-installed libtext-charwidth-perl:amd64 0.04-11+b4
2026-07-18 00:52:56 status unpacked libtext-charwidth-perl:amd64 0.04-11+b4
2026-07-18 00:53:00 install libtext-iconv-perl:amd64 <none> 1.7-8+b4
2026-07-18 00:53:00 status half-installed libtext-iconv-perl:amd64 1.7-8+b4
2026-07-18 00:53:04 status unpacked libtext-iconv-perl:amd64 1.7-8+b4
2026-07-18 00:53:08 install libtext-wrapi18n-perl:all <none> 0.06-10
2026-07-18 00:53:08 status half-installed libtext-wrapi18n-perl:all 0.06-10
2026-07-18 00:53:09 status unpacked libtext-wrapi18n-perl:all 0.06-10
2026-07-18 00:53:13 install libtirpc-common:all <none> 1.3.6+ds-1
2026-07-18 00:53:13 status half-installed libtirpc-common:all 1.3.6+ds-1
2026-07-18 00:53:17 status unpacked libtirpc-common:all 1.3.6+ds-1
2026-07-18 00:53:25 install libtirpc3t64:amd64 <none> 1.3.6+ds-1
2026-07-18 00:53:25 status half-installed libtirpc3t64:amd64 1.3.6+ds-1
2026-07-18 00:53:40 status unpacked libtirpc3t64:amd64 1.3.6+ds-1
2026-07-18 00:53:45 install libunistring5:amd64 <none> 1.3-2
2026-07-18 00:53:45 status half-installed libunistring5:amd64 1.3-2
2026-07-18 00:53:49 status unpacked libunistring5:amd64 1.3-2
2026-07-18 00:53:53 install libxtables12:amd64 <none> 1.8.11-2
2026-07-18 00:53:53 status half-installed libxtables12:amd64 1.8.11-2
2026-07-18 00:54:01 status unpacked libxtables12:amd64 1.8.11-2
2026-07-18 00:54:09 install linux-sysctl-defaults:all <none> 4.12.1
2026-07-18 00:54:09 status half-installed linux-sysctl-defaults:all 4.12.1
2026-07-18 00:54:10 status triggers-pending systemd:amd64 257.13-1~deb13u1
2026-07-18 00:54:13 status unpacked linux-sysctl-defaults:all 4.12.1
2026-07-18 00:54:18 install logrotate:amd64 <none> 3.22.0-1
2026-07-18 00:54:18 status half-installed logrotate:amd64 3.22.0-1
2026-07-18 00:54:22 status unpacked logrotate:amd64 3.22.0-1
2026-07-18 00:54:29 install logsave:amd64 <none> 1.47.2-3+b11
2026-07-18 00:54:29 status half-installed logsave:amd64 1.47.2-3+b11
2026-07-18 00:54:33 status unpacked logsave:amd64 1.47.2-3+b11
2026-07-18 00:54:41 install nano:amd64 <none> 8.4-1+deb13u1
2026-07-18 00:54:42 status half-installed nano:amd64 8.4-1+deb13u1
2026-07-18 00:55:02 status unpacked nano:amd64 8.4-1+deb13u1
2026-07-18 00:55:14 install netbase:all <none> 6.5
2026-07-18 00:55:14 status half-installed netbase:all 6.5
2026-07-18 00:55:18 status unpacked netbase:all 6.5
2026-07-18 00:55:26 install nftables:amd64 <none> 1.1.3-1
2026-07-18 00:55:26 status half-installed nftables:amd64 1.1.3-1
2026-07-18 00:55:30 status unpacked nftables:amd64 1.1.3-1
2026-07-18 00:55:38 install pinentry-curses:amd64 <none> 1.3.1-2
2026-07-18 00:55:38 status half-installed pinentry-curses:amd64 1.3.1-2
2026-07-18 00:55:42 status unpacked pinentry-curses:amd64 1.3.1-2
2026-07-18 00:55:50 install procps:amd64 <none> 2:4.0.4-9
2026-07-18 00:55:50 status half-installed procps:amd64 2:4.0.4-9
2026-07-18 00:56:11 status unpacked procps:amd64 2:4.0.4-9
2026-07-18 00:56:18 install readline-common:all <none> 8.2-6
2026-07-18 00:56:18 status half-installed readline-common:all 8.2-6
2026-07-18 00:56:23 status unpacked readline-common:all 8.2-6
2026-07-18 00:56:27 install sensible-utils:all <none> 0.0.25
2026-07-18 00:56:27 status half-installed sensible-utils:all 0.0.25
2026-07-18 00:56:30 status unpacked sensible-utils:all 0.0.25
2026-07-18 00:56:35 install udev:amd64 <none> 257.13-1~deb13u1
2026-07-18 00:56:35 status half-installed udev:amd64 257.13-1~deb13u1
2026-07-18 00:56:55 status unpacked udev:amd64 257.13-1~deb13u1
2026-07-18 00:56:59 install vim-common:all <none> 2:9.1.1230-2
2026-07-18 00:56:59 status half-installed vim-common:all 2:9.1.1230-2
2026-07-18 00:57:11 status unpacked vim-common:all 2:9.1.1230-2
2026-07-18 00:57:18 install vim-tiny:amd64 <none> 2:9.1.1230-2
2026-07-18 00:57:18 status half-installed vim-tiny:amd64 2:9.1.1230-2
2026-07-18 00:57:23 status unpacked vim-tiny:amd64 2:9.1.1230-2
2026-07-18 00:57:27 install whiptail:amd64 <none> 0.52.25-1
2026-07-18 00:57:27 status half-installed whiptail:amd64 0.52.25-1
2026-07-18 00:57:31 status unpacked whiptail:amd64 0.52.25-1
2026-07-18 00:57:32 trigproc libc-bin:amd64 2.41-12+deb13u3 <none>
2026-07-18 00:57:32 status half-configured libc-bin:amd64 2.41-12+deb13u3
2026-07-18 00:57:40 status installed libc-bin:amd64 2.41-12+deb13u3
2026-07-18 00:57:43 trigproc systemd:amd64 257.13-1~deb13u1 <none>
2026-07-18 00:57:43 status half-configured systemd:amd64 257.13-1~deb13u1
2026-07-18 00:57:44 status installed systemd:amd64 257.13-1~deb13u1
2026-07-18 00:57:52 startup packages configure
2026-07-18 00:57:52 configure cpio:amd64 2.15+dfsg-2 <none>
2026-07-18 00:57:52 status unpacked cpio:amd64 2.15+dfsg-2
2026-07-18 00:57:52 status half-configured cpio:amd64 2.15+dfsg-2
2026-07-18 00:57:56 status installed cpio:amd64 2.15+dfsg-2
2026-07-18 00:57:56 configure libtext-iconv-perl:amd64 1.7-8+b4 <none>
2026-07-18 00:57:56 status unpacked libtext-iconv-perl:amd64 1.7-8+b4
2026-07-18 00:57:58 status half-configured libtext-iconv-perl:amd64 1.7-8+b4
2026-07-18 00:57:59 status installed libtext-iconv-perl:amd64 1.7-8+b4
2026-07-18 00:57:59 configure libtext-charwidth-perl:amd64 0.04-11+b4 <none>
2026-07-18 00:57:59 status unpacked libtext-charwidth-perl:amd64 0.04-11+b4
2026-07-18 00:57:59 status half-configured libtext-charwidth-perl:amd64 0.04-11+b4
2026-07-18 00:57:59 status installed libtext-charwidth-perl:amd64 0.04-11+b4
2026-07-18 00:57:59 configure libnpth0t64:amd64 1.8-3 <none>
2026-07-18 00:57:59 status triggers-pending libc-bin:amd64 2.41-12+deb13u3
2026-07-18 00:57:59 status unpacked libnpth0t64:amd64 1.8-3
2026-07-18 00:57:59 status half-configured libnpth0t64:amd64 1.8-3
2026-07-18 00:57:59 status installed libnpth0t64:amd64 1.8-3
2026-07-18 00:57:59 configure libkeyutils1:amd64 1.6.3-6 <none>
2026-07-18 00:58:00 status unpacked libkeyutils1:amd64 1.6.3-6
2026-07-18 00:58:00 status half-configured libkeyutils1:amd64 1.6.3-6
2026-07-18 00:58:00 status installed libkeyutils1:amd64 1.6.3-6
2026-07-18 00:58:00 configure apt-utils:amd64 3.0.3 <none>
2026-07-18 00:58:00 status unpacked apt-utils:amd64 3.0.3
2026-07-18 00:58:03 status half-configured apt-utils:amd64 3.0.3
2026-07-18 00:58:03 status installed apt-utils:amd64 3.0.3
2026-07-18 00:58:04 configure libgpg-error0:amd64 1.51-4 <none>
2026-07-18 00:58:04 status unpacked libgpg-error0:amd64 1.51-4
2026-07-18 00:58:04 status half-configured libgpg-error0:amd64 1.51-4
2026-07-18 00:58:04 status installed libgpg-error0:amd64 1.51-4
2026-07-18 00:58:06 configure init:amd64 1.69~deb13u1 <none>
2026-07-18 00:58:06 status unpacked init:amd64 1.69~deb13u1
2026-07-18 00:58:06 status half-configured init:amd64 1.69~deb13u1
2026-07-18 00:58:06 status installed init:amd64 1.69~deb13u1
2026-07-18 00:58:07 configure libtirpc-common:all 1.3.6+ds-1 <none>
2026-07-18 00:58:07 status unpacked libtirpc-common:all 1.3.6+ds-1
2026-07-18 00:58:07 status half-configured libtirpc-common:all 1.3.6+ds-1
2026-07-18 00:58:07 status installed libtirpc-common:all 1.3.6+ds-1
2026-07-18 00:58:07 configure libedit2:amd64 3.1-20250104-1 <none>
2026-07-18 00:58:07 status unpacked libedit2:amd64 3.1-20250104-1
2026-07-18 00:58:07 status half-configured libedit2:amd64 3.1-20250104-1
2026-07-18 00:58:08 status installed libedit2:amd64 3.1-20250104-1
2026-07-18 00:58:08 configure less:amd64 668-1 <none>
2026-07-18 00:58:08 status unpacked less:amd64 668-1
2026-07-18 00:58:08 status half-configured less:amd64 668-1
2026-07-18 00:58:11 status installed less:amd64 668-1
2026-07-18 00:58:11 configure libgcrypt20:amd64 1.11.0-7+deb13u1 <none>
2026-07-18 00:58:11 status unpacked libgcrypt20:amd64 1.11.0-7+deb13u1
2026-07-18 00:58:11 status half-configured libgcrypt20:amd64 1.11.0-7+deb13u1
2026-07-18 00:58:12 status installed libgcrypt20:amd64 1.11.0-7+deb13u1
2026-07-18 00:58:12 configure libtext-wrapi18n-perl:all 0.06-10 <none>
2026-07-18 00:58:12 status unpacked libtext-wrapi18n-perl:all 0.06-10
2026-07-18 00:58:12 status half-configured libtext-wrapi18n-perl:all 0.06-10
2026-07-18 00:58:12 status installed libtext-wrapi18n-perl:all 0.06-10
2026-07-18 00:58:12 configure libelf1t64:amd64 0.192-4 <none>
2026-07-18 00:58:12 status unpacked libelf1t64:amd64 0.192-4
2026-07-18 00:58:12 status half-configured libelf1t64:amd64 0.192-4
2026-07-18 00:58:15 status installed libelf1t64:amd64 0.192-4
2026-07-18 00:58:15 configure libjansson4:amd64 2.14-2+b3 <none>
2026-07-18 00:58:15 status unpacked libjansson4:amd64 2.14-2+b3
2026-07-18 00:58:15 status half-configured libjansson4:amd64 2.14-2+b3
2026-07-18 00:58:15 status installed libjansson4:amd64 2.14-2+b3
2026-07-18 00:58:15 configure libkrb5support0:amd64 1.21.3-5+deb13u1 <none>
2026-07-18 00:58:15 status unpacked libkrb5support0:amd64 1.21.3-5+deb13u1
2026-07-18 00:58:16 status half-configured libkrb5support0:amd64 1.21.3-5+deb13u1
2026-07-18 00:58:16 status installed libkrb5support0:amd64 1.21.3-5+deb13u1
2026-07-18 00:58:16 configure libsasl2-modules-db:amd64 2.1.28+dfsg1-9 <none>
2026-07-18 00:58:16 status unpacked libsasl2-modules-db:amd64 2.1.28+dfsg1-9
2026-07-18 00:58:16 status half-configured libsasl2-modules-db:amd64 2.1.28+dfsg1-9
2026-07-18 00:58:16 status installed libsasl2-modules-db:amd64 2.1.28+dfsg1-9
2026-07-18 00:58:16 configure libcap2-bin:amd64 1:2.75-10+deb13u1+b1 <none>
2026-07-18 00:58:16 status unpacked libcap2-bin:amd64 1:2.75-10+deb13u1+b1
2026-07-18 00:58:16 status half-configured libcap2-bin:amd64 1:2.75-10+deb13u1+b1
2026-07-18 00:58:18 status installed libcap2-bin:amd64 1:2.75-10+deb13u1+b1
2026-07-18 00:58:19 configure linux-sysctl-defaults:all 4.12.1 <none>
2026-07-18 00:58:19 status unpacked linux-sysctl-defaults:all 4.12.1
2026-07-18 00:58:19 status half-configured linux-sysctl-defaults:all 4.12.1
2026-07-18 00:58:19 status installed linux-sysctl-defaults:all 4.12.1
2026-07-18 00:58:19 configure vim-common:all 2:9.1.1230-2 <none>
2026-07-18 00:58:19 status unpacked vim-common:all 2:9.1.1230-2
2026-07-18 00:58:19 status half-configured vim-common:all 2:9.1.1230-2
2026-07-18 00:58:20 status installed vim-common:all 2:9.1.1230-2
2026-07-18 00:58:20 configure libslang2:amd64 2.3.3-5+b2 <none>
2026-07-18 00:58:20 status unpacked libslang2:amd64 2.3.3-5+b2
2026-07-18 00:58:20 status half-configured libslang2:amd64 2.3.3-5+b2
2026-07-18 00:58:20 status installed libslang2:amd64 2.3.3-5+b2
2026-07-18 00:58:23 configure gnupg-l10n:all 2.4.7-21+deb13u1 <none>
2026-07-18 00:58:23 status unpacked gnupg-l10n:all 2.4.7-21+deb13u1
2026-07-18 00:58:23 status half-configured gnupg-l10n:all 2.4.7-21+deb13u1
2026-07-18 00:58:23 status installed gnupg-l10n:all 2.4.7-21+deb13u1
2026-07-18 00:58:23 configure libproc2-0:amd64 2:4.0.4-9 <none>
2026-07-18 00:58:23 status unpacked libproc2-0:amd64 2:4.0.4-9
2026-07-18 00:58:23 status half-configured libproc2-0:amd64 2:4.0.4-9
2026-07-18 00:58:23 status installed libproc2-0:amd64 2:4.0.4-9
2026-07-18 00:58:23 configure libunistring5:amd64 1.3-2 <none>
2026-07-18 00:58:23 status unpacked libunistring5:amd64 1.3-2
2026-07-18 00:58:23 status half-configured libunistring5:amd64 1.3-2
2026-07-18 00:58:23 status installed libunistring5:amd64 1.3-2
2026-07-18 00:58:23 configure libmnl0:amd64 1.0.5-3 <none>
2026-07-18 00:58:23 status unpacked libmnl0:amd64 1.0.5-3
2026-07-18 00:58:24 status half-configured libmnl0:amd64 1.0.5-3
2026-07-18 00:58:24 status installed libmnl0:amd64 1.0.5-3
2026-07-18 00:58:24 configure dhcpcd-base:amd64 1:10.1.0-11+deb13u3 <none>
2026-07-18 00:58:24 status unpacked dhcpcd-base:amd64 1:10.1.0-11+deb13u3
2026-07-18 00:58:24 status half-configured dhcpcd-base:amd64 1:10.1.0-11+deb13u3
2026-07-18 01:02:36 status installed dhcpcd-base:amd64 1:10.1.0-11+deb13u3
2026-07-18 01:02:38 configure libncursesw6:amd64 6.5+20250216-2 <none>
2026-07-18 01:02:39 status unpacked libncursesw6:amd64 6.5+20250216-2
2026-07-18 01:02:40 status half-configured libncursesw6:amd64 6.5+20250216-2
2026-07-18 01:02:40 status installed libncursesw6:amd64 6.5+20250216-2
2026-07-18 01:02:40 configure libk5crypto3:amd64 1.21.3-5+deb13u1 <none>
2026-07-18 01:02:40 status unpacked libk5crypto3:amd64 1.21.3-5+deb13u1
2026-07-18 01:02:40 status half-configured libk5crypto3:amd64 1.21.3-5+deb13u1
2026-07-18 01:02:40 status installed libk5crypto3:amd64 1.21.3-5+deb13u1
2026-07-18 01:02:40 configure libxtables12:amd64 1.8.11-2 <none>
2026-07-18 01:02:40 status unpacked libxtables12:amd64 1.8.11-2
2026-07-18 01:02:40 status half-configured libxtables12:amd64 1.8.11-2
2026-07-18 01:02:41 status installed libxtables12:amd64 1.8.11-2
2026-07-18 01:02:44 configure logsave:amd64 1.47.2-3+b11 <none>
2026-07-18 01:02:44 status unpacked logsave:amd64 1.47.2-3+b11
2026-07-18 01:02:44 status half-configured logsave:amd64 1.47.2-3+b11
2026-07-18 01:02:44 status installed logsave:amd64 1.47.2-3+b11
2026-07-18 01:02:44 configure libsasl2-2:amd64 2.1.28+dfsg1-9 <none>
2026-07-18 01:02:44 status unpacked libsasl2-2:amd64 2.1.28+dfsg1-9
2026-07-18 01:02:47 status half-configured libsasl2-2:amd64 2.1.28+dfsg1-9
2026-07-18 01:02:48 status installed libsasl2-2:amd64 2.1.28+dfsg1-9
2026-07-18 01:02:48 configure libfdisk1:amd64 2.41-5 <none>
2026-07-18 01:02:48 status unpacked libfdisk1:amd64 2.41-5
2026-07-18 01:02:48 status half-configured libfdisk1:amd64 2.41-5
2026-07-18 01:02:48 status installed libfdisk1:amd64 2.41-5
2026-07-18 01:02:49 configure nano:amd64 8.4-1+deb13u1 <none>
2026-07-18 01:02:52 status unpacked nano:amd64 8.4-1+deb13u1
2026-07-18 01:02:52 status half-configured nano:amd64 8.4-1+deb13u1
2026-07-18 01:02:57 status installed nano:amd64 8.4-1+deb13u1
2026-07-18 01:02:59 configure libffi8:amd64 3.4.8-2 <none>
2026-07-18 01:02:59 status unpacked libffi8:amd64 3.4.8-2
2026-07-18 01:02:59 status half-configured libffi8:amd64 3.4.8-2
2026-07-18 01:03:00 status installed libffi8:amd64 3.4.8-2
2026-07-18 01:03:00 configure sensible-utils:all 0.0.25 <none>
2026-07-18 01:03:00 status unpacked sensible-utils:all 0.0.25
2026-07-18 01:03:00 status half-configured sensible-utils:all 0.0.25
2026-07-18 01:03:00 status installed sensible-utils:all 0.0.25
2026-07-18 01:03:00 configure libassuan9:amd64 3.0.2-2 <none>
2026-07-18 01:03:00 status unpacked libassuan9:amd64 3.0.2-2
2026-07-18 01:03:00 status half-configured libassuan9:amd64 3.0.2-2
2026-07-18 01:03:00 status installed libassuan9:amd64 3.0.2-2
2026-07-18 01:03:00 configure procps:amd64 2:4.0.4-9 <none>
2026-07-18 01:03:01 status unpacked procps:amd64 2:4.0.4-9
2026-07-18 01:03:03 status half-configured procps:amd64 2:4.0.4-9
2026-07-18 01:03:10 status installed procps:amd64 2:4.0.4-9
2026-07-18 01:03:10 configure libtasn1-6:amd64 4.20.0-2+deb13u1 <none>
2026-07-18 01:03:10 status unpacked libtasn1-6:amd64 4.20.0-2+deb13u1
2026-07-18 01:03:10 status half-configured libtasn1-6:amd64 4.20.0-2+deb13u1
2026-07-18 01:03:10 status installed libtasn1-6:amd64 4.20.0-2+deb13u1
2026-07-18 01:03:10 configure netbase:all 6.5 <none>
2026-07-18 01:03:10 status unpacked netbase:all 6.5
2026-07-18 01:03:10 status half-configured netbase:all 6.5
2026-07-18 01:03:10 status installed netbase:all 6.5
2026-07-18 01:03:10 configure libkrb5-3:amd64 1.21.3-5+deb13u1 <none>
2026-07-18 01:03:10 status unpacked libkrb5-3:amd64 1.21.3-5+deb13u1
2026-07-18 01:03:10 status half-configured libkrb5-3:amd64 1.21.3-5+deb13u1
2026-07-18 01:03:10 status installed libkrb5-3:amd64 1.21.3-5+deb13u1
2026-07-18 01:03:10 configure dmidecode:amd64 3.6-2 <none>
2026-07-18 01:03:10 status unpacked dmidecode:amd64 3.6-2
2026-07-18 01:03:11 status half-configured dmidecode:amd64 3.6-2
2026-07-18 01:03:11 status installed dmidecode:amd64 3.6-2
2026-07-18 01:03:11 configure readline-common:all 8.2-6 <none>
2026-07-18 01:03:11 status unpacked readline-common:all 8.2-6
2026-07-18 01:03:11 status half-configured readline-common:all 8.2-6
2026-07-18 01:03:11 status installed readline-common:all 8.2-6
2026-07-18 01:03:11 configure libldap2:amd64 2.6.10+dfsg-1 <none>
2026-07-18 01:03:11 status unpacked libldap2:amd64 2.6.10+dfsg-1
2026-07-18 01:03:11 status half-configured libldap2:amd64 2.6.10+dfsg-1
2026-07-18 01:03:11 status installed libldap2:amd64 2.6.10+dfsg-1
2026-07-18 01:03:11 configure liblocale-gettext-perl:amd64 1.07-7+b1 <none>
2026-07-18 01:03:11 status unpacked liblocale-gettext-perl:amd64 1.07-7+b1
2026-07-18 01:03:11 status half-configured liblocale-gettext-perl:amd64 1.07-7+b1
2026-07-18 01:03:11 status installed liblocale-gettext-perl:amd64 1.07-7+b1
2026-07-18 01:03:11 configure libbpf1:amd64 1:1.5.0-3 <none>
2026-07-18 01:03:11 status unpacked libbpf1:amd64 1:1.5.0-3
2026-07-18 01:03:11 status half-configured libbpf1:amd64 1:1.5.0-3
2026-07-18 01:03:11 status installed libbpf1:amd64 1:1.5.0-3
2026-07-18 01:03:11 configure libkmod2:amd64 34.2-2 <none>
2026-07-18 01:03:11 status unpacked libkmod2:amd64 34.2-2
2026-07-18 01:03:11 status half-configured libkmod2:amd64 34.2-2
2026-07-18 01:03:11 status installed libkmod2:amd64 34.2-2
2026-07-18 01:03:11 configure libpopt0:amd64 1.19+dfsg-2 <none>
2026-07-18 01:03:11 status unpacked libpopt0:amd64 1.19+dfsg-2
2026-07-18 01:03:11 status half-configured libpopt0:amd64 1.19+dfsg-2
2026-07-18 01:03:11 status installed libpopt0:amd64 1.19+dfsg-2
2026-07-18 01:03:11 configure libksba8:amd64 1.6.7-2+b1 <none>
2026-07-18 01:03:11 status unpacked libksba8:amd64 1.6.7-2+b1
2026-07-18 01:03:11 status half-configured libksba8:amd64 1.6.7-2+b1
2026-07-18 01:03:11 status installed libksba8:amd64 1.6.7-2+b1
2026-07-18 01:03:11 configure pinentry-curses:amd64 1.3.1-2 <none>
2026-07-18 01:03:11 status unpacked pinentry-curses:amd64 1.3.1-2
2026-07-18 01:03:11 status half-configured pinentry-curses:amd64 1.3.1-2
2026-07-18 01:03:11 status installed pinentry-curses:amd64 1.3.1-2
2026-07-18 01:03:11 configure logrotate:amd64 3.22.0-1 <none>
2026-07-18 01:03:11 status unpacked logrotate:amd64 3.22.0-1
2026-07-18 01:03:11 status half-configured logrotate:amd64 3.22.0-1
2026-07-18 01:03:13 status installed logrotate:amd64 3.22.0-1
2026-07-18 01:03:13 configure libnewt0.52:amd64 0.52.25-1 <none>
2026-07-18 01:03:13 status unpacked libnewt0.52:amd64 0.52.25-1
2026-07-18 01:03:13 status half-configured libnewt0.52:amd64 0.52.25-1
2026-07-18 01:03:13 status installed libnewt0.52:amd64 0.52.25-1
2026-07-18 01:03:13 configure cron:amd64 3.0pl1-197 <none>
2026-07-18 01:03:13 status unpacked cron:amd64 3.0pl1-197
2026-07-18 01:03:13 status half-configured cron:amd64 3.0pl1-197
2026-07-18 01:03:14 status installed cron:amd64 3.0pl1-197
2026-07-18 01:03:14 configure debconf-i18n:all 1.5.91 <none>
2026-07-18 01:03:14 status unpacked debconf-i18n:all 1.5.91
2026-07-18 01:03:14 status half-configured debconf-i18n:all 1.5.91
2026-07-18 01:03:15 status installed debconf-i18n:all 1.5.91
2026-07-18 01:03:15 configure libnftnl11:amd64 1.2.9-1 <none>
2026-07-18 01:03:15 status unpacked libnftnl11:amd64 1.2.9-1
2026-07-18 01:03:15 status half-configured libnftnl11:amd64 1.2.9-1
2026-07-18 01:03:15 status installed libnftnl11:amd64 1.2.9-1
2026-07-18 01:03:15 configure e2fsprogs:amd64 1.47.2-3+b11 <none>
2026-07-18 01:03:15 status unpacked e2fsprogs:amd64 1.47.2-3+b11
2026-07-18 01:03:15 status half-configured e2fsprogs:amd64 1.47.2-3+b11
2026-07-18 01:03:16 status installed e2fsprogs:amd64 1.47.2-3+b11
2026-07-18 01:03:16 configure libidn2-0:amd64 2.3.8-2 <none>
2026-07-18 01:03:16 status unpacked libidn2-0:amd64 2.3.8-2
2026-07-18 01:03:16 status half-configured libidn2-0:amd64 2.3.8-2
2026-07-18 01:03:16 status installed libidn2-0:amd64 2.3.8-2
2026-07-18 01:03:16 configure vim-tiny:amd64 2:9.1.1230-2 <none>
2026-07-18 01:03:16 status unpacked vim-tiny:amd64 2:9.1.1230-2
2026-07-18 01:03:16 status half-configured vim-tiny:amd64 2:9.1.1230-2
2026-07-18 01:03:16 status installed vim-tiny:amd64 2:9.1.1230-2
2026-07-18 01:03:16 configure kmod:amd64 34.2-2 <none>
2026-07-18 01:03:16 status unpacked kmod:amd64 34.2-2
2026-07-18 01:03:16 status half-configured kmod:amd64 34.2-2
2026-07-18 01:03:16 status installed kmod:amd64 34.2-2
2026-07-18 01:03:16 configure libp11-kit0:amd64 0.25.5-3 <none>
2026-07-18 01:03:16 status unpacked libp11-kit0:amd64 0.25.5-3
2026-07-18 01:03:16 status half-configured libp11-kit0:amd64 0.25.5-3
2026-07-18 01:03:16 status installed libp11-kit0:amd64 0.25.5-3
2026-07-18 01:03:16 configure libgssapi-krb5-2:amd64 1.21.3-5+deb13u1 <none>
2026-07-18 01:03:16 status unpacked libgssapi-krb5-2:amd64 1.21.3-5+deb13u1
2026-07-18 01:03:16 status half-configured libgssapi-krb5-2:amd64 1.21.3-5+deb13u1
2026-07-18 01:03:16 status installed libgssapi-krb5-2:amd64 1.21.3-5+deb13u1
2026-07-18 01:03:16 configure udev:amd64 257.13-1~deb13u1 <none>
2026-07-18 01:03:16 status unpacked udev:amd64 257.13-1~deb13u1
2026-07-18 01:03:16 status half-configured udev:amd64 257.13-1~deb13u1
2026-07-18 01:03:19 status installed udev:amd64 257.13-1~deb13u1
2026-07-18 01:03:19 configure libreadline8t64:amd64 8.2-6 <none>
2026-07-18 01:03:19 status unpacked libreadline8t64:amd64 8.2-6
2026-07-18 01:03:19 status half-configured libreadline8t64:amd64 8.2-6
2026-07-18 01:03:19 status installed libreadline8t64:amd64 8.2-6
2026-07-18 01:03:19 configure whiptail:amd64 0.52.25-1 <none>
2026-07-18 01:03:19 status unpacked whiptail:amd64 0.52.25-1
2026-07-18 01:03:19 status half-configured whiptail:amd64 0.52.25-1
2026-07-18 01:03:19 status installed whiptail:amd64 0.52.25-1
2026-07-18 01:03:19 configure gpgconf:amd64 2.4.7-21+deb13u1+b4 <none>
2026-07-18 01:03:19 status unpacked gpgconf:amd64 2.4.7-21+deb13u1+b4
2026-07-18 01:03:19 status half-configured gpgconf:amd64 2.4.7-21+deb13u1+b4
2026-07-18 01:03:19 status installed gpgconf:amd64 2.4.7-21+deb13u1+b4
2026-07-18 01:03:19 configure iputils-ping:amd64 3:20240905-3 <none>
2026-07-18 01:03:19 status unpacked iputils-ping:amd64 3:20240905-3
2026-07-18 01:03:19 status half-configured iputils-ping:amd64 3:20240905-3
2026-07-18 01:03:19 status installed iputils-ping:amd64 3:20240905-3
2026-07-18 01:03:19 configure gpg:amd64 2.4.7-21+deb13u1+b4 <none>
2026-07-18 01:03:19 status unpacked gpg:amd64 2.4.7-21+deb13u1+b4
2026-07-18 01:03:19 status half-configured gpg:amd64 2.4.7-21+deb13u1+b4
2026-07-18 01:03:19 status installed gpg:amd64 2.4.7-21+deb13u1+b4
2026-07-18 01:03:19 configure libgnutls30t64:amd64 3.8.9-3+deb13u4 <none>
2026-07-18 01:03:19 status unpacked libgnutls30t64:amd64 3.8.9-3+deb13u4
2026-07-18 01:03:19 status half-configured libgnutls30t64:amd64 3.8.9-3+deb13u4
2026-07-18 01:03:19 status installed libgnutls30t64:amd64 3.8.9-3+deb13u4
2026-07-18 01:03:19 configure libnftables1:amd64 1.1.3-1 <none>
2026-07-18 01:03:19 status unpacked libnftables1:amd64 1.1.3-1
2026-07-18 01:03:19 status half-configured libnftables1:amd64 1.1.3-1
2026-07-18 01:03:19 status installed libnftables1:amd64 1.1.3-1
2026-07-18 01:03:19 configure gpg-agent:amd64 2.4.7-21+deb13u1+b4 <none>
2026-07-18 01:03:19 status unpacked gpg-agent:amd64 2.4.7-21+deb13u1+b4
2026-07-18 01:03:19 status half-configured gpg-agent:amd64 2.4.7-21+deb13u1+b4
2026-07-18 01:03:20 status installed gpg-agent:amd64 2.4.7-21+deb13u1+b4
2026-07-18 01:03:20 configure nftables:amd64 1.1.3-1 <none>
2026-07-18 01:03:20 status unpacked nftables:amd64 1.1.3-1
2026-07-18 01:03:20 status half-configured nftables:amd64 1.1.3-1
2026-07-18 01:03:20 status installed nftables:amd64 1.1.3-1
2026-07-18 01:03:20 configure libtirpc3t64:amd64 1.3.6+ds-1 <none>
2026-07-18 01:03:20 status unpacked libtirpc3t64:amd64 1.3.6+ds-1
2026-07-18 01:03:20 status half-configured libtirpc3t64:amd64 1.3.6+ds-1
2026-07-18 01:03:20 status installed libtirpc3t64:amd64 1.3.6+ds-1
2026-07-18 01:03:20 configure iproute2:amd64 6.15.0-1 <none>
2026-07-18 01:03:20 status unpacked iproute2:amd64 6.15.0-1
2026-07-18 01:03:20 status half-configured iproute2:amd64 6.15.0-1
2026-07-18 01:03:20 status installed iproute2:amd64 6.15.0-1
2026-07-18 01:03:20 configure gpgsm:amd64 2.4.7-21+deb13u1+b4 <none>
2026-07-18 01:03:20 status unpacked gpgsm:amd64 2.4.7-21+deb13u1+b4
2026-07-18 01:03:20 status half-configured gpgsm:amd64 2.4.7-21+deb13u1+b4
2026-07-18 01:03:20 status installed gpgsm:amd64 2.4.7-21+deb13u1+b4
2026-07-18 01:03:20 configure fdisk:amd64 2.41-5 <none>
2026-07-18 01:03:20 status unpacked fdisk:amd64 2.41-5
2026-07-18 01:03:20 status half-configured fdisk:amd64 2.41-5
2026-07-18 01:03:20 status installed fdisk:amd64 2.41-5
2026-07-18 01:03:20 configure dirmngr:amd64 2.4.7-21+deb13u1+b4 <none>
2026-07-18 01:03:20 status unpacked dirmngr:amd64 2.4.7-21+deb13u1+b4
2026-07-18 01:03:20 status half-configured dirmngr:amd64 2.4.7-21+deb13u1+b4
2026-07-18 01:03:21 status installed dirmngr:amd64 2.4.7-21+deb13u1+b4
2026-07-18 01:03:21 configure ifupdown:amd64 0.8.44+deb13u1 <none>
2026-07-18 01:03:21 status unpacked ifupdown:amd64 0.8.44+deb13u1
2026-07-18 01:03:21 status half-configured ifupdown:amd64 0.8.44+deb13u1
2026-07-18 01:03:21 status installed ifupdown:amd64 0.8.44+deb13u1
2026-07-18 01:03:21 configure gnupg:all 2.4.7-21+deb13u1 <none>
2026-07-18 01:03:21 status unpacked gnupg:all 2.4.7-21+deb13u1
2026-07-18 01:03:21 status half-configured gnupg:all 2.4.7-21+deb13u1
2026-07-18 01:03:21 status installed gnupg:all 2.4.7-21+deb13u1
2026-07-18 01:03:21 trigproc libc-bin:amd64 2.41-12+deb13u3 <none>
2026-07-18 01:03:21 status half-configured libc-bin:amd64 2.41-12+deb13u3
2026-07-18 01:03:21 status installed libc-bin:amd64 2.41-12+deb13u3
2026-07-18 01:03:37 startup archives unpack
2026-07-18 01:03:37 upgrade libapparmor1:amd64 4.1.0-1 4.1.0-1tails2
2026-07-18 01:03:37 status triggers-pending libc-bin:amd64 2.41-12+deb13u3
2026-07-18 01:03:37 status half-configured libapparmor1:amd64 4.1.0-1
2026-07-18 01:03:37 status unpacked libapparmor1:amd64 4.1.0-1
2026-07-18 01:03:37 status half-installed libapparmor1:amd64 4.1.0-1
2026-07-18 01:03:37 status unpacked libapparmor1:amd64 4.1.0-1tails2
2026-07-18 01:03:37 startup packages configure
2026-07-18 01:03:37 configure libapparmor1:amd64 4.1.0-1tails2 <none>
2026-07-18 01:03:37 status unpacked libapparmor1:amd64 4.1.0-1tails2
2026-07-18 01:03:37 status half-configured libapparmor1:amd64 4.1.0-1tails2
2026-07-18 01:03:37 status installed libapparmor1:amd64 4.1.0-1tails2
2026-07-18 01:03:37 trigproc libc-bin:amd64 2.41-12+deb13u3 <none>
2026-07-18 01:03:37 status half-configured libc-bin:amd64 2.41-12+deb13u3
2026-07-18 01:03:37 status installed libc-bin:amd64 2.41-12+deb13u3
